Determining if the system is big endian passed with the following output:
Change Dir: /home/ezequiel/VTK/build/CMakeFiles/CMakeTmp

Run Build Command:"/usr/bin/make" "cmTC_b1e10/fast"
/usr/bin/make -f CMakeFiles/cmTC_b1e10.dir/build.make CMakeFiles/cmTC_b1e10.dir/build
make[1]: se entra en el directorio '/home/ezequiel/VTK/build/CMakeFiles/CMakeTmp'
Building C object CMakeFiles/cmTC_b1e10.dir/TestEndianess.c.o
/usr/bin/cc     -o CMakeFiles/cmTC_b1e10.dir/TestEndianess.c.o   -c /home/ezequiel/VTK/build/CMakeFiles/CMakeTmp/TestEndianess.c
Linking C executable cmTC_b1e10
/usr/bin/cmake -E cmake_link_script CMakeFiles/cmTC_b1e10.dir/link.txt --verbose=1
/usr/bin/cc        CMakeFiles/cmTC_b1e10.dir/TestEndianess.c.o  -o cmTC_b1e10 -rdynamic 
make[1]: se sale del directorio '/home/ezequiel/VTK/build/CMakeFiles/CMakeTmp'

TestEndianess.c:
/* A 16 bit integer is required. */
typedef unsigned short cmakeint16;

/* On a little endian machine, these 16bit ints will give "THIS IS LITTLE ENDIAN."
   On a big endian machine the characters will be exchanged pairwise. */
const cmakeint16 info_little[] =  {0x4854, 0x5349, 0x4920, 0x2053, 0x494c, 0x5454, 0x454c, 0x4520, 0x444e, 0x4149, 0x2e4e, 0x0000};

/* on a big endian machine, these 16bit ints will give "THIS IS BIG ENDIAN."
   On a little endian machine the characters will be exchanged pairwise. */
const cmakeint16 info_big[] =     {0x5448, 0x4953, 0x2049, 0x5320, 0x4249, 0x4720, 0x454e, 0x4449, 0x414e, 0x2e2e, 0x0000};

#ifdef __CLASSIC_C__
int main(argc, argv) int argc; char *argv[];
#else
int main(int argc, char *argv[])
#endif
{
  int require = 0;
  require += info_little[argc];
  require += info_big[argc];
  (void)argv;
  return require;
}


Determining if the pthread_create exist failed with the following output:
Change Dir: /home/ezequiel/VTK/build/CMakeFiles/CMakeTmp

Run Build Command:"/usr/bin/make" "cmTC_df44c/fast"
/usr/bin/make -f CMakeFiles/cmTC_df44c.dir/build.make CMakeFiles/cmTC_df44c.dir/build
make[1]: se entra en el directorio '/home/ezequiel/VTK/build/CMakeFiles/CMakeTmp'
Building C object CMakeFiles/cmTC_df44c.dir/CheckSymbolExists.c.o
/usr/bin/cc     -o CMakeFiles/cmTC_df44c.dir/CheckSymbolExists.c.o   -c /home/ezequiel/VTK/build/CMakeFiles/CMakeTmp/CheckSymbolExists.c
Linking C executable cmTC_df44c
/usr/bin/cmake -E cmake_link_script CMakeFiles/cmTC_df44c.dir/link.txt --verbose=1
/usr/bin/cc        CMakeFiles/cmTC_df44c.dir/CheckSymbolExists.c.o  -o cmTC_df44c -rdynamic 
CMakeFiles/cmTC_df44c.dir/CheckSymbolExists.c.o: En la función `main':
CheckSymbolExists.c:(.text+0xa): referencia a `pthread_create' sin definir
collect2: error: ld returned 1 exit status
CMakeFiles/cmTC_df44c.dir/build.make:97: fallo en las instrucciones para el objetivo 'cmTC_df44c'
make[1]: *** [cmTC_df44c] Error 1
make[1]: se sale del directorio '/home/ezequiel/VTK/build/CMakeFiles/CMakeTmp'
Makefile:126: fallo en las instrucciones para el objetivo 'cmTC_df44c/fast'
make: *** [cmTC_df44c/fast] Error 2

File /home/ezequiel/VTK/build/CMakeFiles/CMakeTmp/CheckSymbolExists.c:
/* */
#include <pthread.h>

int main(int argc, char** argv)
{
  (void)argv;
#ifndef pthread_create
  return ((int*)(&pthread_create))[argc];
#else
  (void)argc;
  return 0;
#endif
}

Determining if the function pthread_create exists in the pthreads failed with the following output:
Change Dir: /home/ezequiel/VTK/build/CMakeFiles/CMakeTmp

Run Build Command:"/usr/bin/make" "cmTC_30678/fast"
/usr/bin/make -f CMakeFiles/cmTC_30678.dir/build.make CMakeFiles/cmTC_30678.dir/build
make[1]: se entra en el directorio '/home/ezequiel/VTK/build/CMakeFiles/CMakeTmp'
Building C object CMakeFiles/cmTC_30678.dir/CheckFunctionExists.c.o
/usr/bin/cc    -DCHECK_FUNCTION_EXISTS=pthread_create   -o CMakeFiles/cmTC_30678.dir/CheckFunctionExists.c.o   -c /usr/share/cmake-3.5/Modules/CheckFunctionExists.c
Linking C executable cmTC_30678
/usr/bin/cmake -E cmake_link_script CMakeFiles/cmTC_30678.dir/link.txt --verbose=1
/usr/bin/cc    -DCHECK_FUNCTION_EXISTS=pthread_create    CMakeFiles/cmTC_30678.dir/CheckFunctionExists.c.o  -o cmTC_30678 -rdynamic -lpthreads 
/usr/bin/ld: no se puede encontrar -lpthreads
collect2: error: ld returned 1 exit status
CMakeFiles/cmTC_30678.dir/build.make:97: fallo en las instrucciones para el objetivo 'cmTC_30678'
make[1]: *** [cmTC_30678] Error 1
make[1]: se sale del directorio '/home/ezequiel/VTK/build/CMakeFiles/CMakeTmp'
Makefile:126: fallo en las instrucciones para el objetivo 'cmTC_30678/fast'
make: *** [cmTC_30678/fast] Error 2


Determining if the function getsockname exists in the socket failed with the following output:
Change Dir: /home/ezequiel/VTK/build/CMakeFiles/CMakeTmp

Run Build Command:"/usr/bin/make" "cmTC_23346/fast"
/usr/bin/make -f CMakeFiles/cmTC_23346.dir/build.make CMakeFiles/cmTC_23346.dir/build
make[1]: se entra en el directorio '/home/ezequiel/VTK/build/CMakeFiles/CMakeTmp'
Building C object CMakeFiles/cmTC_23346.dir/CheckFunctionExists.c.o
/usr/bin/cc    -DCHECK_FUNCTION_EXISTS=getsockname   -o CMakeFiles/cmTC_23346.dir/CheckFunctionExists.c.o   -c /usr/share/cmake-3.5/Modules/CheckFunctionExists.c
Linking C executable cmTC_23346
/usr/bin/cmake -E cmake_link_script CMakeFiles/cmTC_23346.dir/link.txt --verbose=1
/usr/bin/cc    -DCHECK_FUNCTION_EXISTS=getsockname    CMakeFiles/cmTC_23346.dir/CheckFunctionExists.c.o  -o cmTC_23346 -rdynamic -lsocket 
/usr/bin/ld: no se puede encontrar -lsocket
collect2: error: ld returned 1 exit status
CMakeFiles/cmTC_23346.dir/build.make:97: fallo en las instrucciones para el objetivo 'cmTC_23346'
make[1]: *** [cmTC_23346] Error 1
make[1]: se sale del directorio '/home/ezequiel/VTK/build/CMakeFiles/CMakeTmp'
Makefile:126: fallo en las instrucciones para el objetivo 'cmTC_23346/fast'
make: *** [cmTC_23346/fast] Error 2


Checking whether C++ compiler has '__int64' failed to compile with the following output:
Change Dir: /home/ezequiel/VTK/build/Utilities/KWSys/vtksys/CMakeFiles/CMakeTmp

Run Build Command:"/usr/bin/make" "cmTC_88286/fast"
/usr/bin/make -f CMakeFiles/cmTC_88286.dir/build.make CMakeFiles/cmTC_88286.dir/build
make[1]: se entra en el directorio '/home/ezequiel/VTK/build/Utilities/KWSys/vtksys/CMakeFiles/CMakeTmp'
Building CXX object CMakeFiles/cmTC_88286.dir/kwsysPlatformTestsCXX.cxx.o
/usr/bin/c++   -DTEST_KWSYS_CXX_HAS___INT64   -o CMakeFiles/cmTC_88286.dir/kwsysPlatformTestsCXX.cxx.o -c /home/ezequiel/VTK/Utilities/KWSys/vtksys/kwsysPlatformTestsCXX.cxx
/home/ezequiel/VTK/Utilities/KWSys/vtksys/kwsysPlatformTestsCXX.cxx:24:1: error: ‘__int64’ does not name a type
 __int64 f(__int64 n)
 ^
/home/ezequiel/VTK/Utilities/KWSys/vtksys/kwsysPlatformTestsCXX.cxx: In function ‘int main()’:
/home/ezequiel/VTK/Utilities/KWSys/vtksys/kwsysPlatformTestsCXX.cxx:30:3: error: ‘__int64’ was not declared in this scope
   __int64 n = 0;
   ^
/home/ezequiel/VTK/Utilities/KWSys/vtksys/kwsysPlatformTestsCXX.cxx:31:29: error: ‘n’ was not declared in this scope
   return static_cast<int>(f(n));
                             ^
/home/ezequiel/VTK/Utilities/KWSys/vtksys/kwsysPlatformTestsCXX.cxx:31:30: error: ‘f’ was not declared in this scope
   return static_cast<int>(f(n));
                              ^
CMakeFiles/cmTC_88286.dir/build.make:65: fallo en las instrucciones para el objetivo 'CMakeFiles/cmTC_88286.dir/kwsysPlatformTestsCXX.cxx.o'
make[1]: *** [CMakeFiles/cmTC_88286.dir/kwsysPlatformTestsCXX.cxx.o] Error 1
make[1]: se sale del directorio '/home/ezequiel/VTK/build/Utilities/KWSys/vtksys/CMakeFiles/CMakeTmp'
Makefile:126: fallo en las instrucciones para el objetivo 'cmTC_88286/fast'
make: *** [cmTC_88286/fast] Error 2


Checking whether CXX compiler has environ in stdlib.h failed to compile with the following output:
Change Dir: /home/ezequiel/VTK/build/Utilities/KWSys/vtksys/CMakeFiles/CMakeTmp

Run Build Command:"/usr/bin/make" "cmTC_d7e03/fast"
/usr/bin/make -f CMakeFiles/cmTC_d7e03.dir/build.make CMakeFiles/cmTC_d7e03.dir/build
make[1]: se entra en el directorio '/home/ezequiel/VTK/build/Utilities/KWSys/vtksys/CMakeFiles/CMakeTmp'
Building CXX object CMakeFiles/cmTC_d7e03.dir/kwsysPlatformTestsCXX.cxx.o
/usr/bin/c++   -DTEST_KWSYS_CXX_HAS_ENVIRON_IN_STDLIB_H   -o CMakeFiles/cmTC_d7e03.dir/kwsysPlatformTestsCXX.cxx.o -c /home/ezequiel/VTK/Utilities/KWSys/vtksys/kwsysPlatformTestsCXX.cxx
/home/ezequiel/VTK/Utilities/KWSys/vtksys/kwsysPlatformTestsCXX.cxx: In function ‘int main()’:
/home/ezequiel/VTK/Utilities/KWSys/vtksys/kwsysPlatformTestsCXX.cxx:196:13: error: ‘environ’ was not declared in this scope
   char* e = environ[0];
             ^
CMakeFiles/cmTC_d7e03.dir/build.make:65: fallo en las instrucciones para el objetivo 'CMakeFiles/cmTC_d7e03.dir/kwsysPlatformTestsCXX.cxx.o'
make[1]: *** [CMakeFiles/cmTC_d7e03.dir/kwsysPlatformTestsCXX.cxx.o] Error 1
make[1]: se sale del directorio '/home/ezequiel/VTK/build/Utilities/KWSys/vtksys/CMakeFiles/CMakeTmp'
Makefile:126: fallo en las instrucciones para el objetivo 'cmTC_d7e03/fast'
make: *** [cmTC_d7e03/fast] Error 2


Checking whether CXX compiler struct stat has st_mtimespec member failed to compile with the following output:
Change Dir: /home/ezequiel/VTK/build/Utilities/KWSys/vtksys/CMakeFiles/CMakeTmp

Run Build Command:"/usr/bin/make" "cmTC_94afb/fast"
/usr/bin/make -f CMakeFiles/cmTC_94afb.dir/build.make CMakeFiles/cmTC_94afb.dir/build
make[1]: se entra en el directorio '/home/ezequiel/VTK/build/Utilities/KWSys/vtksys/CMakeFiles/CMakeTmp'
Building CXX object CMakeFiles/cmTC_94afb.dir/kwsysPlatformTestsCXX.cxx.o
/usr/bin/c++   -DTEST_KWSYS_CXX_STAT_HAS_ST_MTIMESPEC   -o CMakeFiles/cmTC_94afb.dir/kwsysPlatformTestsCXX.cxx.o -c /home/ezequiel/VTK/Utilities/KWSys/vtksys/kwsysPlatformTestsCXX.cxx
/home/ezequiel/VTK/Utilities/KWSys/vtksys/kwsysPlatformTestsCXX.cxx: In function ‘int main()’:
/home/ezequiel/VTK/Utilities/KWSys/vtksys/kwsysPlatformTestsCXX.cxx:57:15: error: ‘struct stat’ has no member named ‘st_mtimespec’
   (void)stat1.st_mtimespec.tv_sec;
               ^
/home/ezequiel/VTK/Utilities/KWSys/vtksys/kwsysPlatformTestsCXX.cxx:58:15: error: ‘struct stat’ has no member named ‘st_mtimespec’
   (void)stat1.st_mtimespec.tv_nsec;
               ^
CMakeFiles/cmTC_94afb.dir/build.make:65: fallo en las instrucciones para el objetivo 'CMakeFiles/cmTC_94afb.dir/kwsysPlatformTestsCXX.cxx.o'
make[1]: *** [CMakeFiles/cmTC_94afb.dir/kwsysPlatformTestsCXX.cxx.o] Error 1
make[1]: se sale del directorio '/home/ezequiel/VTK/build/Utilities/KWSys/vtksys/CMakeFiles/CMakeTmp'
Makefile:126: fallo en las instrucciones para el objetivo 'cmTC_94afb/fast'
make: *** [cmTC_94afb/fast] Error 2


Checking whether CXX compiler has _atoi64 failed to compile with the following output:
Change Dir: /home/ezequiel/VTK/build/Utilities/KWSys/vtksys/CMakeFiles/CMakeTmp

Run Build Command:"/usr/bin/make" "cmTC_f997f/fast"
/usr/bin/make -f CMakeFiles/cmTC_f997f.dir/build.make CMakeFiles/cmTC_f997f.dir/build
make[1]: se entra en el directorio '/home/ezequiel/VTK/build/Utilities/KWSys/vtksys/CMakeFiles/CMakeTmp'
Building CXX object CMakeFiles/cmTC_f997f.dir/kwsysPlatformTestsCXX.cxx.o
/usr/bin/c++   -DTEST_KWSYS_CXX_HAS__ATOI64   -o CMakeFiles/cmTC_f997f.dir/kwsysPlatformTestsCXX.cxx.o -c /home/ezequiel/VTK/Utilities/KWSys/vtksys/kwsysPlatformTestsCXX.cxx
/home/ezequiel/VTK/Utilities/KWSys/vtksys/kwsysPlatformTestsCXX.cxx: In function ‘int main()’:
/home/ezequiel/VTK/Utilities/KWSys/vtksys/kwsysPlatformTestsCXX.cxx:252:38: error: ‘_atoi64’ was not declared in this scope
   return static_cast<int>(_atoi64(str));
                                      ^
CMakeFiles/cmTC_f997f.dir/build.make:65: fallo en las instrucciones para el objetivo 'CMakeFiles/cmTC_f997f.dir/kwsysPlatformTestsCXX.cxx.o'
make[1]: *** [CMakeFiles/cmTC_f997f.dir/kwsysPlatformTestsCXX.cxx.o] Error 1
make[1]: se sale del directorio '/home/ezequiel/VTK/build/Utilities/KWSys/vtksys/CMakeFiles/CMakeTmp'
Makefile:126: fallo en las instrucciones para el objetivo 'cmTC_f997f/fast'
make: *** [cmTC_f997f/fast] Error 2


Determining if the function shl_load exists in the dld;dl failed with the following output:
Change Dir: /home/ezequiel/VTK/build/CMakeFiles/CMakeTmp

Run Build Command:"/usr/bin/make" "cmTC_7d76f/fast"
/usr/bin/make -f CMakeFiles/cmTC_7d76f.dir/build.make CMakeFiles/cmTC_7d76f.dir/build
make[1]: se entra en el directorio '/home/ezequiel/VTK/build/CMakeFiles/CMakeTmp'
Building C object CMakeFiles/cmTC_7d76f.dir/CheckFunctionExists.c.o
/usr/bin/cc    -w -w -DCHECK_FUNCTION_EXISTS=shl_load   -o CMakeFiles/cmTC_7d76f.dir/CheckFunctionExists.c.o   -c /usr/share/cmake-3.5/Modules/CheckFunctionExists.c
Linking C executable cmTC_7d76f
/usr/bin/cmake -E cmake_link_script CMakeFiles/cmTC_7d76f.dir/link.txt --verbose=1
/usr/bin/cc    -w -w -DCHECK_FUNCTION_EXISTS=shl_load    CMakeFiles/cmTC_7d76f.dir/CheckFunctionExists.c.o  -o cmTC_7d76f -rdynamic -ldld -ldl 
/usr/bin/ld: no se puede encontrar -ldld
collect2: error: ld returned 1 exit status
CMakeFiles/cmTC_7d76f.dir/build.make:97: fallo en las instrucciones para el objetivo 'cmTC_7d76f'
make[1]: *** [cmTC_7d76f] Error 1
make[1]: se sale del directorio '/home/ezequiel/VTK/build/CMakeFiles/CMakeTmp'
Makefile:126: fallo en las instrucciones para el objetivo 'cmTC_7d76f/fast'
make: *** [cmTC_7d76f/fast] Error 2


Determining if files stdio.h;stddef.h;sys/types.h;inttypes.h;dlfcn.h;fcntl.h;malloc.h;memory.h;netdb.h;limits.h;sys/socket.h;netinet/in.h;sys/select.h;stdint.h;stdlib.h;string.h;strings.h;sys/stat.h;sys/time.h;time.h;unistd.h;signal.h;errno.h;ansidecl.h exist failed with the following output:
Change Dir: /home/ezequiel/VTK/build/CMakeFiles/CMakeTmp

Run Build Command:"/usr/bin/make" "cmTC_8a6fc/fast"
/usr/bin/make -f CMakeFiles/cmTC_8a6fc.dir/build.make CMakeFiles/cmTC_8a6fc.dir/build
make[1]: se entra en el directorio '/home/ezequiel/VTK/build/CMakeFiles/CMakeTmp'
Building C object CMakeFiles/cmTC_8a6fc.dir/CheckIncludeFiles.c.o
/usr/bin/cc  -D_GNU_SOURCE  -w -w    -o CMakeFiles/cmTC_8a6fc.dir/CheckIncludeFiles.c.o   -c /home/ezequiel/VTK/build/CMakeFiles/CMakeTmp/CheckIncludeFiles.c
/home/ezequiel/VTK/build/CMakeFiles/CMakeTmp/CheckIncludeFiles.c:25:22: fatal error: ansidecl.h: No existe el archivo o el directorio
compilation terminated.
CMakeFiles/cmTC_8a6fc.dir/build.make:65: fallo en las instrucciones para el objetivo 'CMakeFiles/cmTC_8a6fc.dir/CheckIncludeFiles.c.o'
make[1]: *** [CMakeFiles/cmTC_8a6fc.dir/CheckIncludeFiles.c.o] Error 1
make[1]: se sale del directorio '/home/ezequiel/VTK/build/CMakeFiles/CMakeTmp'
Makefile:126: fallo en las instrucciones para el objetivo 'cmTC_8a6fc/fast'
make: *** [cmTC_8a6fc/fast] Error 2

Source:
/* */
#include <stdio.h>
#include <stddef.h>
#include <sys/types.h>
#include <inttypes.h>
#include <dlfcn.h>
#include <fcntl.h>
#include <malloc.h>
#include <memory.h>
#include <netdb.h>
#include <limits.h>
#include <sys/socket.h>
#include <netinet/in.h>
#include <sys/select.h>
#include <stdint.h>
#include <stdlib.h>
#include <string.h>
#include <strings.h>
#include <sys/stat.h>
#include <sys/time.h>
#include <time.h>
#include <unistd.h>
#include <signal.h>
#include <errno.h>
#include <ansidecl.h>


int main(void){return 0;}

Determining if files stdio.h;stddef.h;sys/types.h;inttypes.h;dlfcn.h;fcntl.h;malloc.h;memory.h;netdb.h;limits.h;sys/socket.h;netinet/in.h;sys/select.h;stdint.h;stdlib.h;string.h;strings.h;sys/stat.h;sys/time.h;time.h;unistd.h;signal.h;errno.h;arpa/inet.h;arpa/nameser.h;ctype.h;dirent.h;dl.h exist failed with the following output:
Change Dir: /home/ezequiel/VTK/build/CMakeFiles/CMakeTmp

Run Build Command:"/usr/bin/make" "cmTC_7ee5e/fast"
/usr/bin/make -f CMakeFiles/cmTC_7ee5e.dir/build.make CMakeFiles/cmTC_7ee5e.dir/build
make[1]: se entra en el directorio '/home/ezequiel/VTK/build/CMakeFiles/CMakeTmp'
Building C object CMakeFiles/cmTC_7ee5e.dir/CheckIncludeFiles.c.o
/usr/bin/cc  -D_GNU_SOURCE  -w -w    -o CMakeFiles/cmTC_7ee5e.dir/CheckIncludeFiles.c.o   -c /home/ezequiel/VTK/build/CMakeFiles/CMakeTmp/CheckIncludeFiles.c
/home/ezequiel/VTK/build/CMakeFiles/CMakeTmp/CheckIncludeFiles.c:29:16: fatal error: dl.h: No existe el archivo o el directorio
compilation terminated.
CMakeFiles/cmTC_7ee5e.dir/build.make:65: fallo en las instrucciones para el objetivo 'CMakeFiles/cmTC_7ee5e.dir/CheckIncludeFiles.c.o'
make[1]: *** [CMakeFiles/cmTC_7ee5e.dir/CheckIncludeFiles.c.o] Error 1
make[1]: se sale del directorio '/home/ezequiel/VTK/build/CMakeFiles/CMakeTmp'
Makefile:126: fallo en las instrucciones para el objetivo 'cmTC_7ee5e/fast'
make: *** [cmTC_7ee5e/fast] Error 2

Source:
/* */
#include <stdio.h>
#include <stddef.h>
#include <sys/types.h>
#include <inttypes.h>
#include <dlfcn.h>
#include <fcntl.h>
#include <malloc.h>
#include <memory.h>
#include <netdb.h>
#include <limits.h>
#include <sys/socket.h>
#include <netinet/in.h>
#include <sys/select.h>
#include <stdint.h>
#include <stdlib.h>
#include <string.h>
#include <strings.h>
#include <sys/stat.h>
#include <sys/time.h>
#include <time.h>
#include <unistd.h>
#include <signal.h>
#include <errno.h>
#include <arpa/inet.h>
#include <arpa/nameser.h>
#include <ctype.h>
#include <dirent.h>
#include <dl.h>


int main(void){return 0;}

Determining if files stdio.h;stddef.h;sys/types.h;inttypes.h;dlfcn.h;fcntl.h;malloc.h;memory.h;netdb.h;limits.h;sys/socket.h;netinet/in.h;sys/select.h;stdint.h;stdlib.h;string.h;strings.h;sys/stat.h;sys/time.h;time.h;unistd.h;signal.h;errno.h;arpa/inet.h;arpa/nameser.h;ctype.h;dirent.h;float.h;fp_class.h exist failed with the following output:
Change Dir: /home/ezequiel/VTK/build/CMakeFiles/CMakeTmp

Run Build Command:"/usr/bin/make" "cmTC_b022c/fast"
/usr/bin/make -f CMakeFiles/cmTC_b022c.dir/build.make CMakeFiles/cmTC_b022c.dir/build
make[1]: se entra en el directorio '/home/ezequiel/VTK/build/CMakeFiles/CMakeTmp'
Building C object CMakeFiles/cmTC_b022c.dir/CheckIncludeFiles.c.o
/usr/bin/cc  -D_GNU_SOURCE  -w -w    -o CMakeFiles/cmTC_b022c.dir/CheckIncludeFiles.c.o   -c /home/ezequiel/VTK/build/CMakeFiles/CMakeTmp/CheckIncludeFiles.c
/home/ezequiel/VTK/build/CMakeFiles/CMakeTmp/CheckIncludeFiles.c:30:22: fatal error: fp_class.h: No existe el archivo o el directorio
compilation terminated.
CMakeFiles/cmTC_b022c.dir/build.make:65: fallo en las instrucciones para el objetivo 'CMakeFiles/cmTC_b022c.dir/CheckIncludeFiles.c.o'
make[1]: *** [CMakeFiles/cmTC_b022c.dir/CheckIncludeFiles.c.o] Error 1
make[1]: se sale del directorio '/home/ezequiel/VTK/build/CMakeFiles/CMakeTmp'
Makefile:126: fallo en las instrucciones para el objetivo 'cmTC_b022c/fast'
make: *** [cmTC_b022c/fast] Error 2

Source:
/* */
#include <stdio.h>
#include <stddef.h>
#include <sys/types.h>
#include <inttypes.h>
#include <dlfcn.h>
#include <fcntl.h>
#include <malloc.h>
#include <memory.h>
#include <netdb.h>
#include <limits.h>
#include <sys/socket.h>
#include <netinet/in.h>
#include <sys/select.h>
#include <stdint.h>
#include <stdlib.h>
#include <string.h>
#include <strings.h>
#include <sys/stat.h>
#include <sys/time.h>
#include <time.h>
#include <unistd.h>
#include <signal.h>
#include <errno.h>
#include <arpa/inet.h>
#include <arpa/nameser.h>
#include <ctype.h>
#include <dirent.h>
#include <float.h>
#include <fp_class.h>


int main(void){return 0;}

Determining if files stdio.h;stddef.h;sys/types.h;inttypes.h;dlfcn.h;fcntl.h;malloc.h;memory.h;netdb.h;limits.h;sys/socket.h;netinet/in.h;sys/select.h;stdint.h;stdlib.h;string.h;strings.h;sys/stat.h;sys/time.h;time.h;unistd.h;signal.h;errno.h;arpa/inet.h;arpa/nameser.h;ctype.h;dirent.h;float.h;ieeefp.h exist failed with the following output:
Change Dir: /home/ezequiel/VTK/build/CMakeFiles/CMakeTmp

Run Build Command:"/usr/bin/make" "cmTC_a0e93/fast"
/usr/bin/make -f CMakeFiles/cmTC_a0e93.dir/build.make CMakeFiles/cmTC_a0e93.dir/build
make[1]: se entra en el directorio '/home/ezequiel/VTK/build/CMakeFiles/CMakeTmp'
Building C object CMakeFiles/cmTC_a0e93.dir/CheckIncludeFiles.c.o
/usr/bin/cc  -D_GNU_SOURCE  -w -w    -o CMakeFiles/cmTC_a0e93.dir/CheckIncludeFiles.c.o   -c /home/ezequiel/VTK/build/CMakeFiles/CMakeTmp/CheckIncludeFiles.c
/home/ezequiel/VTK/build/CMakeFiles/CMakeTmp/CheckIncludeFiles.c:30:20: fatal error: ieeefp.h: No existe el archivo o el directorio
compilation terminated.
CMakeFiles/cmTC_a0e93.dir/build.make:65: fallo en las instrucciones para el objetivo 'CMakeFiles/cmTC_a0e93.dir/CheckIncludeFiles.c.o'
make[1]: *** [CMakeFiles/cmTC_a0e93.dir/CheckIncludeFiles.c.o] Error 1
make[1]: se sale del directorio '/home/ezequiel/VTK/build/CMakeFiles/CMakeTmp'
Makefile:126: fallo en las instrucciones para el objetivo 'cmTC_a0e93/fast'
make: *** [cmTC_a0e93/fast] Error 2

Source:
/* */
#include <stdio.h>
#include <stddef.h>
#include <sys/types.h>
#include <inttypes.h>
#include <dlfcn.h>
#include <fcntl.h>
#include <malloc.h>
#include <memory.h>
#include <netdb.h>
#include <limits.h>
#include <sys/socket.h>
#include <netinet/in.h>
#include <sys/select.h>
#include <stdint.h>
#include <stdlib.h>
#include <string.h>
#include <strings.h>
#include <sys/stat.h>
#include <sys/time.h>
#include <time.h>
#include <unistd.h>
#include <signal.h>
#include <errno.h>
#include <arpa/inet.h>
#include <arpa/nameser.h>
#include <ctype.h>
#include <dirent.h>
#include <float.h>
#include <ieeefp.h>


int main(void){return 0;}

Determining if files stdio.h;stddef.h;sys/types.h;inttypes.h;dlfcn.h;fcntl.h;malloc.h;memory.h;netdb.h;limits.h;sys/socket.h;netinet/in.h;sys/select.h;stdint.h;stdlib.h;string.h;strings.h;sys/stat.h;sys/time.h;time.h;unistd.h;signal.h;errno.h;arpa/inet.h;arpa/nameser.h;ctype.h;dirent.h;float.h;math.h;nan.h exist failed with the following output:
Change Dir: /home/ezequiel/VTK/build/CMakeFiles/CMakeTmp

Run Build Command:"/usr/bin/make" "cmTC_ca054/fast"
/usr/bin/make -f CMakeFiles/cmTC_ca054.dir/build.make CMakeFiles/cmTC_ca054.dir/build
make[1]: se entra en el directorio '/home/ezequiel/VTK/build/CMakeFiles/CMakeTmp'
Building C object CMakeFiles/cmTC_ca054.dir/CheckIncludeFiles.c.o
/usr/bin/cc  -D_GNU_SOURCE  -w -w    -o CMakeFiles/cmTC_ca054.dir/CheckIncludeFiles.c.o   -c /home/ezequiel/VTK/build/CMakeFiles/CMakeTmp/CheckIncludeFiles.c
/home/ezequiel/VTK/build/CMakeFiles/CMakeTmp/CheckIncludeFiles.c:31:17: fatal error: nan.h: No existe el archivo o el directorio
compilation terminated.
CMakeFiles/cmTC_ca054.dir/build.make:65: fallo en las instrucciones para el objetivo 'CMakeFiles/cmTC_ca054.dir/CheckIncludeFiles.c.o'
make[1]: *** [CMakeFiles/cmTC_ca054.dir/CheckIncludeFiles.c.o] Error 1
make[1]: se sale del directorio '/home/ezequiel/VTK/build/CMakeFiles/CMakeTmp'
Makefile:126: fallo en las instrucciones para el objetivo 'cmTC_ca054/fast'
make: *** [cmTC_ca054/fast] Error 2

Source:
/* */
#include <stdio.h>
#include <stddef.h>
#include <sys/types.h>
#include <inttypes.h>
#include <dlfcn.h>
#include <fcntl.h>
#include <malloc.h>
#include <memory.h>
#include <netdb.h>
#include <limits.h>
#include <sys/socket.h>
#include <netinet/in.h>
#include <sys/select.h>
#include <stdint.h>
#include <stdlib.h>
#include <string.h>
#include <strings.h>
#include <sys/stat.h>
#include <sys/time.h>
#include <time.h>
#include <unistd.h>
#include <signal.h>
#include <errno.h>
#include <arpa/inet.h>
#include <arpa/nameser.h>
#include <ctype.h>
#include <dirent.h>
#include <float.h>
#include <math.h>
#include <nan.h>


int main(void){return 0;}

Determining if files stdio.h;stddef.h;sys/types.h;inttypes.h;dlfcn.h;fcntl.h;malloc.h;memory.h;netdb.h;limits.h;sys/socket.h;netinet/in.h;sys/select.h;stdint.h;stdlib.h;string.h;strings.h;sys/stat.h;sys/time.h;time.h;unistd.h;signal.h;errno.h;arpa/inet.h;arpa/nameser.h;ctype.h;dirent.h;float.h;math.h;ndir.h exist failed with the following output:
Change Dir: /home/ezequiel/VTK/build/CMakeFiles/CMakeTmp

Run Build Command:"/usr/bin/make" "cmTC_edc9c/fast"
/usr/bin/make -f CMakeFiles/cmTC_edc9c.dir/build.make CMakeFiles/cmTC_edc9c.dir/build
make[1]: se entra en el directorio '/home/ezequiel/VTK/build/CMakeFiles/CMakeTmp'
Building C object CMakeFiles/cmTC_edc9c.dir/CheckIncludeFiles.c.o
/usr/bin/cc  -D_GNU_SOURCE  -w -w    -o CMakeFiles/cmTC_edc9c.dir/CheckIncludeFiles.c.o   -c /home/ezequiel/VTK/build/CMakeFiles/CMakeTmp/CheckIncludeFiles.c
/home/ezequiel/VTK/build/CMakeFiles/CMakeTmp/CheckIncludeFiles.c:31:18: fatal error: ndir.h: No existe el archivo o el directorio
compilation terminated.
CMakeFiles/cmTC_edc9c.dir/build.make:65: fallo en las instrucciones para el objetivo 'CMakeFiles/cmTC_edc9c.dir/CheckIncludeFiles.c.o'
make[1]: *** [CMakeFiles/cmTC_edc9c.dir/CheckIncludeFiles.c.o] Error 1
make[1]: se sale del directorio '/home/ezequiel/VTK/build/CMakeFiles/CMakeTmp'
Makefile:126: fallo en las instrucciones para el objetivo 'cmTC_edc9c/fast'
make: *** [cmTC_edc9c/fast] Error 2

Source:
/* */
#include <stdio.h>
#include <stddef.h>
#include <sys/types.h>
#include <inttypes.h>
#include <dlfcn.h>
#include <fcntl.h>
#include <malloc.h>
#include <memory.h>
#include <netdb.h>
#include <limits.h>
#include <sys/socket.h>
#include <netinet/in.h>
#include <sys/select.h>
#include <stdint.h>
#include <stdlib.h>
#include <string.h>
#include <strings.h>
#include <sys/stat.h>
#include <sys/time.h>
#include <time.h>
#include <unistd.h>
#include <signal.h>
#include <errno.h>
#include <arpa/inet.h>
#include <arpa/nameser.h>
#include <ctype.h>
#include <dirent.h>
#include <float.h>
#include <math.h>
#include <ndir.h>


int main(void){return 0;}

Determining if the fpclass exist failed with the following output:
Change Dir: /home/ezequiel/VTK/build/CMakeFiles/CMakeTmp

Run Build Command:"/usr/bin/make" "cmTC_68d5b/fast"
/usr/bin/make -f CMakeFiles/cmTC_68d5b.dir/build.make CMakeFiles/cmTC_68d5b.dir/build
make[1]: se entra en el directorio '/home/ezequiel/VTK/build/CMakeFiles/CMakeTmp'
Building C object CMakeFiles/cmTC_68d5b.dir/CheckSymbolExists.c.o
/usr/bin/cc  -D_GNU_SOURCE  -w -w    -o CMakeFiles/cmTC_68d5b.dir/CheckSymbolExists.c.o   -c /home/ezequiel/VTK/build/CMakeFiles/CMakeTmp/CheckSymbolExists.c
/home/ezequiel/VTK/build/CMakeFiles/CMakeTmp/CheckSymbolExists.c: In function ‘main’:
/home/ezequiel/VTK/build/CMakeFiles/CMakeTmp/CheckSymbolExists.c:41:19: error: ‘fpclass’ undeclared (first use in this function)
   return ((int*)(&fpclass))[argc];
                   ^
/home/ezequiel/VTK/build/CMakeFiles/CMakeTmp/CheckSymbolExists.c:41:19: note: each undeclared identifier is reported only once for each function it appears in
CMakeFiles/cmTC_68d5b.dir/build.make:65: fallo en las instrucciones para el objetivo 'CMakeFiles/cmTC_68d5b.dir/CheckSymbolExists.c.o'
make[1]: *** [CMakeFiles/cmTC_68d5b.dir/CheckSymbolExists.c.o] Error 1
make[1]: se sale del directorio '/home/ezequiel/VTK/build/CMakeFiles/CMakeTmp'
Makefile:126: fallo en las instrucciones para el objetivo 'cmTC_68d5b/fast'
make: *** [cmTC_68d5b/fast] Error 2

File /home/ezequiel/VTK/build/CMakeFiles/CMakeTmp/CheckSymbolExists.c:
/* */
#include <stdio.h>
#include <stddef.h>
#include <sys/types.h>
#include <inttypes.h>
#include <dlfcn.h>
#include <fcntl.h>
#include <malloc.h>
#include <memory.h>
#include <netdb.h>
#include <limits.h>
#include <sys/socket.h>
#include <netinet/in.h>
#include <sys/select.h>
#include <stdint.h>
#include <stdlib.h>
#include <string.h>
#include <strings.h>
#include <sys/stat.h>
#include <sys/time.h>
#include <time.h>
#include <unistd.h>
#include <signal.h>
#include <errno.h>
#include <arpa/inet.h>
#include <arpa/nameser.h>
#include <ctype.h>
#include <dirent.h>
#include <float.h>
#include <math.h>
#include <pthread.h>
#include <resolv.h>
#include <stdarg.h>
#include <sys/mman.h>
#include <sys/timeb.h>

int main(int argc, char** argv)
{
  (void)argv;
#ifndef fpclass
  return ((int*)(&fpclass))[argc];
#else
  (void)argc;
  return 0;
#endif
}

Determining if the fp_class exist failed with the following output:
Change Dir: /home/ezequiel/VTK/build/CMakeFiles/CMakeTmp

Run Build Command:"/usr/bin/make" "cmTC_62d87/fast"
/usr/bin/make -f CMakeFiles/cmTC_62d87.dir/build.make CMakeFiles/cmTC_62d87.dir/build
make[1]: se entra en el directorio '/home/ezequiel/VTK/build/CMakeFiles/CMakeTmp'
Building C object CMakeFiles/cmTC_62d87.dir/CheckSymbolExists.c.o
/usr/bin/cc  -D_GNU_SOURCE  -w -w    -o CMakeFiles/cmTC_62d87.dir/CheckSymbolExists.c.o   -c /home/ezequiel/VTK/build/CMakeFiles/CMakeTmp/CheckSymbolExists.c
/home/ezequiel/VTK/build/CMakeFiles/CMakeTmp/CheckSymbolExists.c: In function ‘main’:
/home/ezequiel/VTK/build/CMakeFiles/CMakeTmp/CheckSymbolExists.c:41:19: error: ‘fp_class’ undeclared (first use in this function)
   return ((int*)(&fp_class))[argc];
                   ^
/home/ezequiel/VTK/build/CMakeFiles/CMakeTmp/CheckSymbolExists.c:41:19: note: each undeclared identifier is reported only once for each function it appears in
CMakeFiles/cmTC_62d87.dir/build.make:65: fallo en las instrucciones para el objetivo 'CMakeFiles/cmTC_62d87.dir/CheckSymbolExists.c.o'
make[1]: *** [CMakeFiles/cmTC_62d87.dir/CheckSymbolExists.c.o] Error 1
make[1]: se sale del directorio '/home/ezequiel/VTK/build/CMakeFiles/CMakeTmp'
Makefile:126: fallo en las instrucciones para el objetivo 'cmTC_62d87/fast'
make: *** [cmTC_62d87/fast] Error 2

File /home/ezequiel/VTK/build/CMakeFiles/CMakeTmp/CheckSymbolExists.c:
/* */
#include <stdio.h>
#include <stddef.h>
#include <sys/types.h>
#include <inttypes.h>
#include <dlfcn.h>
#include <fcntl.h>
#include <malloc.h>
#include <memory.h>
#include <netdb.h>
#include <limits.h>
#include <sys/socket.h>
#include <netinet/in.h>
#include <sys/select.h>
#include <stdint.h>
#include <stdlib.h>
#include <string.h>
#include <strings.h>
#include <sys/stat.h>
#include <sys/time.h>
#include <time.h>
#include <unistd.h>
#include <signal.h>
#include <errno.h>
#include <arpa/inet.h>
#include <arpa/nameser.h>
#include <ctype.h>
#include <dirent.h>
#include <float.h>
#include <math.h>
#include <pthread.h>
#include <resolv.h>
#include <stdarg.h>
#include <sys/mman.h>
#include <sys/timeb.h>

int main(int argc, char** argv)
{
  (void)argv;
#ifndef fp_class
  return ((int*)(&fp_class))[argc];
#else
  (void)argc;
  return 0;
#endif
}

Determining if the _stat exist failed with the following output:
Change Dir: /home/ezequiel/VTK/build/CMakeFiles/CMakeTmp

Run Build Command:"/usr/bin/make" "cmTC_dc2df/fast"
/usr/bin/make -f CMakeFiles/cmTC_dc2df.dir/build.make CMakeFiles/cmTC_dc2df.dir/build
make[1]: se entra en el directorio '/home/ezequiel/VTK/build/CMakeFiles/CMakeTmp'
Building C object CMakeFiles/cmTC_dc2df.dir/CheckSymbolExists.c.o
/usr/bin/cc  -D_GNU_SOURCE  -w -w    -o CMakeFiles/cmTC_dc2df.dir/CheckSymbolExists.c.o   -c /home/ezequiel/VTK/build/CMakeFiles/CMakeTmp/CheckSymbolExists.c
/home/ezequiel/VTK/build/CMakeFiles/CMakeTmp/CheckSymbolExists.c: In function ‘main’:
/home/ezequiel/VTK/build/CMakeFiles/CMakeTmp/CheckSymbolExists.c:41:19: error: ‘_stat’ undeclared (first use in this function)
   return ((int*)(&_stat))[argc];
                   ^
/home/ezequiel/VTK/build/CMakeFiles/CMakeTmp/CheckSymbolExists.c:41:19: note: each undeclared identifier is reported only once for each function it appears in
CMakeFiles/cmTC_dc2df.dir/build.make:65: fallo en las instrucciones para el objetivo 'CMakeFiles/cmTC_dc2df.dir/CheckSymbolExists.c.o'
make[1]: *** [CMakeFiles/cmTC_dc2df.dir/CheckSymbolExists.c.o] Error 1
make[1]: se sale del directorio '/home/ezequiel/VTK/build/CMakeFiles/CMakeTmp'
Makefile:126: fallo en las instrucciones para el objetivo 'cmTC_dc2df/fast'
make: *** [cmTC_dc2df/fast] Error 2

File /home/ezequiel/VTK/build/CMakeFiles/CMakeTmp/CheckSymbolExists.c:
/* */
#include <stdio.h>
#include <stddef.h>
#include <sys/types.h>
#include <inttypes.h>
#include <dlfcn.h>
#include <fcntl.h>
#include <malloc.h>
#include <memory.h>
#include <netdb.h>
#include <limits.h>
#include <sys/socket.h>
#include <netinet/in.h>
#include <sys/select.h>
#include <stdint.h>
#include <stdlib.h>
#include <string.h>
#include <strings.h>
#include <sys/stat.h>
#include <sys/time.h>
#include <time.h>
#include <unistd.h>
#include <signal.h>
#include <errno.h>
#include <arpa/inet.h>
#include <arpa/nameser.h>
#include <ctype.h>
#include <dirent.h>
#include <float.h>
#include <math.h>
#include <pthread.h>
#include <resolv.h>
#include <stdarg.h>
#include <sys/mman.h>
#include <sys/timeb.h>

int main(int argc, char** argv)
{
  (void)argv;
#ifndef _stat
  return ((int*)(&_stat))[argc];
#else
  (void)argc;
  return 0;
#endif
}

Checking for DIR in sys/ndir.h failed to compile with the following output:
Change Dir: /home/ezequiel/VTK/build/ThirdParty/libxml2/vtklibxml2/CMakeFiles/CMakeTmp

Run Build Command:"/usr/bin/make" "cmTC_9524f/fast"
/usr/bin/make -f CMakeFiles/cmTC_9524f.dir/build.make CMakeFiles/cmTC_9524f.dir/build
make[1]: se entra en el directorio '/home/ezequiel/VTK/build/ThirdParty/libxml2/vtklibxml2/CMakeFiles/CMakeTmp'
Building C object CMakeFiles/cmTC_9524f.dir/platformTestsC.c.o
/usr/bin/cc  -DTEST_HAVE_SYS_NDIR_H  -w -w    -o CMakeFiles/cmTC_9524f.dir/platformTestsC.c.o   -c /home/ezequiel/VTK/ThirdParty/libxml2/vtklibxml2/platformTestsC.c
/home/ezequiel/VTK/ThirdParty/libxml2/vtklibxml2/platformTestsC.c:82:22: fatal error: sys/ndir.h: No existe el archivo o el directorio
compilation terminated.
CMakeFiles/cmTC_9524f.dir/build.make:65: fallo en las instrucciones para el objetivo 'CMakeFiles/cmTC_9524f.dir/platformTestsC.c.o'
make[1]: *** [CMakeFiles/cmTC_9524f.dir/platformTestsC.c.o] Error 1
make[1]: se sale del directorio '/home/ezequiel/VTK/build/ThirdParty/libxml2/vtklibxml2/CMakeFiles/CMakeTmp'
Makefile:126: fallo en las instrucciones para el objetivo 'cmTC_9524f/fast'
make: *** [cmTC_9524f/fast] Error 2


Determining if the include file io.h exists failed with the following output:
Change Dir: /home/ezequiel/VTK/build/CMakeFiles/CMakeTmp

Run Build Command:"/usr/bin/make" "cmTC_28300/fast"
/usr/bin/make -f CMakeFiles/cmTC_28300.dir/build.make CMakeFiles/cmTC_28300.dir/build
make[1]: se entra en el directorio '/home/ezequiel/VTK/build/CMakeFiles/CMakeTmp'
Building C object CMakeFiles/cmTC_28300.dir/CheckIncludeFile.c.o
/usr/bin/cc    -w -w -Wall -Winline -W -Wformat-security -Wpointer-arith -Wdisabled-optimization -Wno-unknown-pragmas -Wdeclaration-after-statement -fstrict-aliasing    -o CMakeFiles/cmTC_28300.dir/CheckIncludeFile.c.o   -c /home/ezequiel/VTK/build/CMakeFiles/CMakeTmp/CheckIncludeFile.c
/home/ezequiel/VTK/build/CMakeFiles/CMakeTmp/CheckIncludeFile.c:1:16: fatal error: io.h: No existe el archivo o el directorio
compilation terminated.
CMakeFiles/cmTC_28300.dir/build.make:65: fallo en las instrucciones para el objetivo 'CMakeFiles/cmTC_28300.dir/CheckIncludeFile.c.o'
make[1]: *** [CMakeFiles/cmTC_28300.dir/CheckIncludeFile.c.o] Error 1
make[1]: se sale del directorio '/home/ezequiel/VTK/build/CMakeFiles/CMakeTmp'
Makefile:126: fallo en las instrucciones para el objetivo 'cmTC_28300/fast'
make: *** [cmTC_28300/fast] Error 2


Determining size of INT8 failed with the following output:
Change Dir: /home/ezequiel/VTK/build/CMakeFiles/CMakeTmp

Run Build Command:"/usr/bin/make" "cmTC_3d641/fast"
/usr/bin/make -f CMakeFiles/cmTC_3d641.dir/build.make CMakeFiles/cmTC_3d641.dir/build
make[1]: se entra en el directorio '/home/ezequiel/VTK/build/CMakeFiles/CMakeTmp'
Building C object CMakeFiles/cmTC_3d641.dir/int8.c.o
/usr/bin/cc    -w -w -Wall -Winline -W -Wformat-security -Wpointer-arith -Wdisabled-optimization -Wno-unknown-pragmas -Wdeclaration-after-statement -fstrict-aliasing    -o CMakeFiles/cmTC_3d641.dir/int8.c.o   -c /home/ezequiel/VTK/build/CMakeFiles/CheckTypeSize/int8.c
/home/ezequiel/VTK/build/CMakeFiles/CheckTypeSize/int8.c:17:22: error: ‘INT8’ undeclared here (not in a function)
 #define SIZE (sizeof(INT8))
                      ^
/home/ezequiel/VTK/build/CMakeFiles/CheckTypeSize/int8.c:19:12: note: in expansion of macro ‘SIZE’
   ('0' + ((SIZE / 10000)%10)),
            ^
CMakeFiles/cmTC_3d641.dir/build.make:65: fallo en las instrucciones para el objetivo 'CMakeFiles/cmTC_3d641.dir/int8.c.o'
make[1]: *** [CMakeFiles/cmTC_3d641.dir/int8.c.o] Error 1
make[1]: se sale del directorio '/home/ezequiel/VTK/build/CMakeFiles/CMakeTmp'
Makefile:126: fallo en las instrucciones para el objetivo 'cmTC_3d641/fast'
make: *** [cmTC_3d641/fast] Error 2

/home/ezequiel/VTK/build/CMakeFiles/CheckTypeSize/int8.c:
#include <sys/types.h>
#include <stdint.h>
#include <stddef.h>


#undef KEY
#if defined(__i386)
# define KEY '_','_','i','3','8','6'
#elif defined(__x86_64)
# define KEY '_','_','x','8','6','_','6','4'
#elif defined(__ppc__)
# define KEY '_','_','p','p','c','_','_'
#elif defined(__ppc64__)
# define KEY '_','_','p','p','c','6','4','_','_'
#endif

#define SIZE (sizeof(INT8))
char info_size[] =  {'I', 'N', 'F', 'O', ':', 's','i','z','e','[',
  ('0' + ((SIZE / 10000)%10)),
  ('0' + ((SIZE / 1000)%10)),
  ('0' + ((SIZE / 100)%10)),
  ('0' + ((SIZE / 10)%10)),
  ('0' +  (SIZE    % 10)),
  ']',
#ifdef KEY
  ' ','k','e','y','[', KEY, ']',
#endif
  '\0'};

#ifdef __CLASSIC_C__
int main(argc, argv) int argc; char *argv[];
#else
int main(int argc, char *argv[])
#endif
{
  int require = 0;
  require += info_size[argc];
  (void)argv;
  return require;
}


Determining size of INT16 failed with the following output:
Change Dir: /home/ezequiel/VTK/build/CMakeFiles/CMakeTmp

Run Build Command:"/usr/bin/make" "cmTC_1ab3b/fast"
/usr/bin/make -f CMakeFiles/cmTC_1ab3b.dir/build.make CMakeFiles/cmTC_1ab3b.dir/build
make[1]: se entra en el directorio '/home/ezequiel/VTK/build/CMakeFiles/CMakeTmp'
Building C object CMakeFiles/cmTC_1ab3b.dir/int16.c.o
/usr/bin/cc    -w -w -Wall -Winline -W -Wformat-security -Wpointer-arith -Wdisabled-optimization -Wno-unknown-pragmas -Wdeclaration-after-statement -fstrict-aliasing    -o CMakeFiles/cmTC_1ab3b.dir/int16.c.o   -c /home/ezequiel/VTK/build/CMakeFiles/CheckTypeSize/int16.c
/home/ezequiel/VTK/build/CMakeFiles/CheckTypeSize/int16.c:17:22: error: ‘INT16’ undeclared here (not in a function)
 #define SIZE (sizeof(INT16))
                      ^
/home/ezequiel/VTK/build/CMakeFiles/CheckTypeSize/int16.c:19:12: note: in expansion of macro ‘SIZE’
   ('0' + ((SIZE / 10000)%10)),
            ^
CMakeFiles/cmTC_1ab3b.dir/build.make:65: fallo en las instrucciones para el objetivo 'CMakeFiles/cmTC_1ab3b.dir/int16.c.o'
make[1]: *** [CMakeFiles/cmTC_1ab3b.dir/int16.c.o] Error 1
make[1]: se sale del directorio '/home/ezequiel/VTK/build/CMakeFiles/CMakeTmp'
Makefile:126: fallo en las instrucciones para el objetivo 'cmTC_1ab3b/fast'
make: *** [cmTC_1ab3b/fast] Error 2

/home/ezequiel/VTK/build/CMakeFiles/CheckTypeSize/int16.c:
#include <sys/types.h>
#include <stdint.h>
#include <stddef.h>


#undef KEY
#if defined(__i386)
# define KEY '_','_','i','3','8','6'
#elif defined(__x86_64)
# define KEY '_','_','x','8','6','_','6','4'
#elif defined(__ppc__)
# define KEY '_','_','p','p','c','_','_'
#elif defined(__ppc64__)
# define KEY '_','_','p','p','c','6','4','_','_'
#endif

#define SIZE (sizeof(INT16))
char info_size[] =  {'I', 'N', 'F', 'O', ':', 's','i','z','e','[',
  ('0' + ((SIZE / 10000)%10)),
  ('0' + ((SIZE / 1000)%10)),
  ('0' + ((SIZE / 100)%10)),
  ('0' + ((SIZE / 10)%10)),
  ('0' +  (SIZE    % 10)),
  ']',
#ifdef KEY
  ' ','k','e','y','[', KEY, ']',
#endif
  '\0'};

#ifdef __CLASSIC_C__
int main(argc, argv) int argc; char *argv[];
#else
int main(int argc, char *argv[])
#endif
{
  int require = 0;
  require += info_size[argc];
  (void)argv;
  return require;
}


Determining size of INT32 failed with the following output:
Change Dir: /home/ezequiel/VTK/build/CMakeFiles/CMakeTmp

Run Build Command:"/usr/bin/make" "cmTC_eb91f/fast"
/usr/bin/make -f CMakeFiles/cmTC_eb91f.dir/build.make CMakeFiles/cmTC_eb91f.dir/build
make[1]: se entra en el directorio '/home/ezequiel/VTK/build/CMakeFiles/CMakeTmp'
Building C object CMakeFiles/cmTC_eb91f.dir/int32.c.o
/usr/bin/cc    -w -w -Wall -Winline -W -Wformat-security -Wpointer-arith -Wdisabled-optimization -Wno-unknown-pragmas -Wdeclaration-after-statement -fstrict-aliasing    -o CMakeFiles/cmTC_eb91f.dir/int32.c.o   -c /home/ezequiel/VTK/build/CMakeFiles/CheckTypeSize/int32.c
/home/ezequiel/VTK/build/CMakeFiles/CheckTypeSize/int32.c:17:22: error: ‘INT32’ undeclared here (not in a function)
 #define SIZE (sizeof(INT32))
                      ^
/home/ezequiel/VTK/build/CMakeFiles/CheckTypeSize/int32.c:19:12: note: in expansion of macro ‘SIZE’
   ('0' + ((SIZE / 10000)%10)),
            ^
CMakeFiles/cmTC_eb91f.dir/build.make:65: fallo en las instrucciones para el objetivo 'CMakeFiles/cmTC_eb91f.dir/int32.c.o'
make[1]: *** [CMakeFiles/cmTC_eb91f.dir/int32.c.o] Error 1
make[1]: se sale del directorio '/home/ezequiel/VTK/build/CMakeFiles/CMakeTmp'
Makefile:126: fallo en las instrucciones para el objetivo 'cmTC_eb91f/fast'
make: *** [cmTC_eb91f/fast] Error 2

/home/ezequiel/VTK/build/CMakeFiles/CheckTypeSize/int32.c:
#include <sys/types.h>
#include <stdint.h>
#include <stddef.h>


#undef KEY
#if defined(__i386)
# define KEY '_','_','i','3','8','6'
#elif defined(__x86_64)
# define KEY '_','_','x','8','6','_','6','4'
#elif defined(__ppc__)
# define KEY '_','_','p','p','c','_','_'
#elif defined(__ppc64__)
# define KEY '_','_','p','p','c','6','4','_','_'
#endif

#define SIZE (sizeof(INT32))
char info_size[] =  {'I', 'N', 'F', 'O', ':', 's','i','z','e','[',
  ('0' + ((SIZE / 10000)%10)),
  ('0' + ((SIZE / 1000)%10)),
  ('0' + ((SIZE / 100)%10)),
  ('0' + ((SIZE / 10)%10)),
  ('0' +  (SIZE    % 10)),
  ']',
#ifdef KEY
  ' ','k','e','y','[', KEY, ']',
#endif
  '\0'};

#ifdef __CLASSIC_C__
int main(argc, argv) int argc; char *argv[];
#else
int main(int argc, char *argv[])
#endif
{
  int require = 0;
  require += info_size[argc];
  (void)argv;
  return require;
}


Determining if the function setmode exists failed with the following output:
Change Dir: /home/ezequiel/VTK/build/CMakeFiles/CMakeTmp

Run Build Command:"/usr/bin/make" "cmTC_01655/fast"
/usr/bin/make -f CMakeFiles/cmTC_01655.dir/build.make CMakeFiles/cmTC_01655.dir/build
make[1]: se entra en el directorio '/home/ezequiel/VTK/build/CMakeFiles/CMakeTmp'
Building C object CMakeFiles/cmTC_01655.dir/CheckFunctionExists.c.o
/usr/bin/cc    -w -w -Wall -Winline -W -Wformat-security -Wpointer-arith -Wdisabled-optimization -Wno-unknown-pragmas -Wdeclaration-after-statement -fstrict-aliasing -DCHECK_FUNCTION_EXISTS=setmode   -o CMakeFiles/cmTC_01655.dir/CheckFunctionExists.c.o   -c /usr/share/cmake-3.5/Modules/CheckFunctionExists.c
Linking C executable cmTC_01655
/usr/bin/cmake -E cmake_link_script CMakeFiles/cmTC_01655.dir/link.txt --verbose=1
/usr/bin/cc    -w -w -Wall -Winline -W -Wformat-security -Wpointer-arith -Wdisabled-optimization -Wno-unknown-pragmas -Wdeclaration-after-statement -fstrict-aliasing -DCHECK_FUNCTION_EXISTS=setmode    CMakeFiles/cmTC_01655.dir/CheckFunctionExists.c.o  -o cmTC_01655 -rdynamic 
CMakeFiles/cmTC_01655.dir/CheckFunctionExists.c.o: En la función `main':
CheckFunctionExists.c:(.text+0x12): referencia a `setmode' sin definir
collect2: error: ld returned 1 exit status
CMakeFiles/cmTC_01655.dir/build.make:97: fallo en las instrucciones para el objetivo 'cmTC_01655'
make[1]: *** [cmTC_01655] Error 1
make[1]: se sale del directorio '/home/ezequiel/VTK/build/CMakeFiles/CMakeTmp'
Makefile:126: fallo en las instrucciones para el objetivo 'cmTC_01655/fast'
make: *** [cmTC_01655/fast] Error 2


Determining if the system is big endian passed with the following output:
Change Dir: /home/ezequiel/VTK/build/CMakeFiles/CMakeTmp

Run Build Command:"/usr/bin/make" "cmTC_1dc42/fast"
/usr/bin/make -f CMakeFiles/cmTC_1dc42.dir/build.make CMakeFiles/cmTC_1dc42.dir/build
make[1]: se entra en el directorio '/home/ezequiel/VTK/build/CMakeFiles/CMakeTmp'
Building C object CMakeFiles/cmTC_1dc42.dir/TestEndianess.c.o
/usr/bin/cc    -w -w -Wall -Winline -W -Wformat-security -Wpointer-arith -Wdisabled-optimization -Wno-unknown-pragmas -Wdeclaration-after-statement -fstrict-aliasing    -o CMakeFiles/cmTC_1dc42.dir/TestEndianess.c.o   -c /home/ezequiel/VTK/build/CMakeFiles/CMakeTmp/TestEndianess.c
Linking C executable cmTC_1dc42
/usr/bin/cmake -E cmake_link_script CMakeFiles/cmTC_1dc42.dir/link.txt --verbose=1
/usr/bin/cc    -w -w -Wall -Winline -W -Wformat-security -Wpointer-arith -Wdisabled-optimization -Wno-unknown-pragmas -Wdeclaration-after-statement -fstrict-aliasing     CMakeFiles/cmTC_1dc42.dir/TestEndianess.c.o  -o cmTC_1dc42 -rdynamic 
make[1]: se sale del directorio '/home/ezequiel/VTK/build/CMakeFiles/CMakeTmp'

TestEndianess.c:
/* A 16 bit integer is required. */
typedef unsigned short cmakeint16;

/* On a little endian machine, these 16bit ints will give "THIS IS LITTLE ENDIAN."
   On a big endian machine the characters will be exchanged pairwise. */
const cmakeint16 info_little[] =  {0x4854, 0x5349, 0x4920, 0x2053, 0x494c, 0x5454, 0x454c, 0x4520, 0x444e, 0x4149, 0x2e4e, 0x0000};

/* on a big endian machine, these 16bit ints will give "THIS IS BIG ENDIAN."
   On a little endian machine the characters will be exchanged pairwise. */
const cmakeint16 info_big[] =     {0x5448, 0x4953, 0x2049, 0x5320, 0x4249, 0x4720, 0x454e, 0x4449, 0x414e, 0x2e2e, 0x0000};

#ifdef __CLASSIC_C__
int main(argc, argv) int argc; char *argv[];
#else
int main(int argc, char *argv[])
#endif
{
  int require = 0;
  require += info_little[argc];
  require += info_big[argc];
  (void)argv;
  return require;
}


Determining if the function jbg_newlen exists failed with the following output:
Change Dir: /home/ezequiel/VTK/build/CMakeFiles/CMakeTmp

Run Build Command:"/usr/bin/make" "cmTC_a6c28/fast"
/usr/bin/make -f CMakeFiles/cmTC_a6c28.dir/build.make CMakeFiles/cmTC_a6c28.dir/build
make[1]: se entra en el directorio '/home/ezequiel/VTK/build/CMakeFiles/CMakeTmp'
Building C object CMakeFiles/cmTC_a6c28.dir/CheckFunctionExists.c.o
/usr/bin/cc    -w -w -Wall -Winline -W -Wformat-security -Wpointer-arith -Wdisabled-optimization -Wno-unknown-pragmas -Wdeclaration-after-statement -fstrict-aliasing -DCHECK_FUNCTION_EXISTS=jbg_newlen   -o CMakeFiles/cmTC_a6c28.dir/CheckFunctionExists.c.o   -c /usr/share/cmake-3.5/Modules/CheckFunctionExists.c
Linking C executable cmTC_a6c28
/usr/bin/cmake -E cmake_link_script CMakeFiles/cmTC_a6c28.dir/link.txt --verbose=1
/usr/bin/cc    -w -w -Wall -Winline -W -Wformat-security -Wpointer-arith -Wdisabled-optimization -Wno-unknown-pragmas -Wdeclaration-after-statement -fstrict-aliasing -DCHECK_FUNCTION_EXISTS=jbg_newlen    CMakeFiles/cmTC_a6c28.dir/CheckFunctionExists.c.o  -o cmTC_a6c28 -rdynamic 
CMakeFiles/cmTC_a6c28.dir/CheckFunctionExists.c.o: En la función `main':
CheckFunctionExists.c:(.text+0x12): referencia a `jbg_newlen' sin definir
collect2: error: ld returned 1 exit status
CMakeFiles/cmTC_a6c28.dir/build.make:97: fallo en las instrucciones para el objetivo 'cmTC_a6c28'
make[1]: *** [cmTC_a6c28] Error 1
make[1]: se sale del directorio '/home/ezequiel/VTK/build/CMakeFiles/CMakeTmp'
Makefile:126: fallo en las instrucciones para el objetivo 'cmTC_a6c28/fast'
make: *** [cmTC_a6c28/fast] Error 2


Determining if the function WSAStartup exists in the ws2_32;m;dl failed with the following output:
Change Dir: /home/ezequiel/VTK/build/CMakeFiles/CMakeTmp

Run Build Command:"/usr/bin/make" "cmTC_02276/fast"
/usr/bin/make -f CMakeFiles/cmTC_02276.dir/build.make CMakeFiles/cmTC_02276.dir/build
make[1]: se entra en el directorio '/home/ezequiel/VTK/build/CMakeFiles/CMakeTmp'
Building C object CMakeFiles/cmTC_02276.dir/CheckFunctionExists.c.o
/usr/bin/cc    -w -w -DCHECK_FUNCTION_EXISTS=WSAStartup   -o CMakeFiles/cmTC_02276.dir/CheckFunctionExists.c.o   -c /usr/share/cmake-3.5/Modules/CheckFunctionExists.c
Linking C executable cmTC_02276
/usr/bin/cmake -E cmake_link_script CMakeFiles/cmTC_02276.dir/link.txt --verbose=1
/usr/bin/cc    -w -w -DCHECK_FUNCTION_EXISTS=WSAStartup    CMakeFiles/cmTC_02276.dir/CheckFunctionExists.c.o  -o cmTC_02276 -rdynamic -lws2_32 -lm -ldl 
/usr/bin/ld: no se puede encontrar -lws2_32
collect2: error: ld returned 1 exit status
CMakeFiles/cmTC_02276.dir/build.make:97: fallo en las instrucciones para el objetivo 'cmTC_02276'
make[1]: *** [cmTC_02276] Error 1
make[1]: se sale del directorio '/home/ezequiel/VTK/build/CMakeFiles/CMakeTmp'
Makefile:126: fallo en las instrucciones para el objetivo 'cmTC_02276/fast'
make: *** [cmTC_02276/fast] Error 2


Determining if the function gethostbyname exists in the wsock32;m;dl failed with the following output:
Change Dir: /home/ezequiel/VTK/build/CMakeFiles/CMakeTmp

Run Build Command:"/usr/bin/make" "cmTC_1ec42/fast"
/usr/bin/make -f CMakeFiles/cmTC_1ec42.dir/build.make CMakeFiles/cmTC_1ec42.dir/build
make[1]: se entra en el directorio '/home/ezequiel/VTK/build/CMakeFiles/CMakeTmp'
Building C object CMakeFiles/cmTC_1ec42.dir/CheckFunctionExists.c.o
/usr/bin/cc    -w -w -DCHECK_FUNCTION_EXISTS=gethostbyname   -o CMakeFiles/cmTC_1ec42.dir/CheckFunctionExists.c.o   -c /usr/share/cmake-3.5/Modules/CheckFunctionExists.c
Linking C executable cmTC_1ec42
/usr/bin/cmake -E cmake_link_script CMakeFiles/cmTC_1ec42.dir/link.txt --verbose=1
/usr/bin/cc    -w -w -DCHECK_FUNCTION_EXISTS=gethostbyname    CMakeFiles/cmTC_1ec42.dir/CheckFunctionExists.c.o  -o cmTC_1ec42 -rdynamic -lwsock32 -lm -ldl 
/usr/bin/ld: no se puede encontrar -lwsock32
collect2: error: ld returned 1 exit status
CMakeFiles/cmTC_1ec42.dir/build.make:97: fallo en las instrucciones para el objetivo 'cmTC_1ec42'
make[1]: *** [cmTC_1ec42] Error 1
make[1]: se sale del directorio '/home/ezequiel/VTK/build/CMakeFiles/CMakeTmp'
Makefile:126: fallo en las instrucciones para el objetivo 'cmTC_1ec42/fast'
make: *** [cmTC_1ec42/fast] Error 2


Determining if the function gethostname exists in the ucb;m;dl failed with the following output:
Change Dir: /home/ezequiel/VTK/build/CMakeFiles/CMakeTmp

Run Build Command:"/usr/bin/make" "cmTC_d2b34/fast"
/usr/bin/make -f CMakeFiles/cmTC_d2b34.dir/build.make CMakeFiles/cmTC_d2b34.dir/build
make[1]: se entra en el directorio '/home/ezequiel/VTK/build/CMakeFiles/CMakeTmp'
Building C object CMakeFiles/cmTC_d2b34.dir/CheckFunctionExists.c.o
/usr/bin/cc    -w -w -DCHECK_FUNCTION_EXISTS=gethostname   -o CMakeFiles/cmTC_d2b34.dir/CheckFunctionExists.c.o   -c /usr/share/cmake-3.5/Modules/CheckFunctionExists.c
Linking C executable cmTC_d2b34
/usr/bin/cmake -E cmake_link_script CMakeFiles/cmTC_d2b34.dir/link.txt --verbose=1
/usr/bin/cc    -w -w -DCHECK_FUNCTION_EXISTS=gethostname    CMakeFiles/cmTC_d2b34.dir/CheckFunctionExists.c.o  -o cmTC_d2b34 -rdynamic -lucb -lm -ldl 
/usr/bin/ld: no se puede encontrar -lucb
collect2: error: ld returned 1 exit status
CMakeFiles/cmTC_d2b34.dir/build.make:97: fallo en las instrucciones para el objetivo 'cmTC_d2b34'
make[1]: *** [cmTC_d2b34] Error 1
make[1]: se sale del directorio '/home/ezequiel/VTK/build/CMakeFiles/CMakeTmp'
Makefile:126: fallo en las instrucciones para el objetivo 'cmTC_d2b34/fast'
make: *** [cmTC_d2b34/fast] Error 2


Determining if the function connect exists in the socket;m;dl failed with the following output:
Change Dir: /home/ezequiel/VTK/build/CMakeFiles/CMakeTmp

Run Build Command:"/usr/bin/make" "cmTC_382e9/fast"
/usr/bin/make -f CMakeFiles/cmTC_382e9.dir/build.make CMakeFiles/cmTC_382e9.dir/build
make[1]: se entra en el directorio '/home/ezequiel/VTK/build/CMakeFiles/CMakeTmp'
Building C object CMakeFiles/cmTC_382e9.dir/CheckFunctionExists.c.o
/usr/bin/cc    -w -w -DCHECK_FUNCTION_EXISTS=connect   -o CMakeFiles/cmTC_382e9.dir/CheckFunctionExists.c.o   -c /usr/share/cmake-3.5/Modules/CheckFunctionExists.c
Linking C executable cmTC_382e9
/usr/bin/cmake -E cmake_link_script CMakeFiles/cmTC_382e9.dir/link.txt --verbose=1
/usr/bin/cc    -w -w -DCHECK_FUNCTION_EXISTS=connect    CMakeFiles/cmTC_382e9.dir/CheckFunctionExists.c.o  -o cmTC_382e9 -rdynamic -lsocket -lm -ldl 
/usr/bin/ld: no se puede encontrar -lsocket
collect2: error: ld returned 1 exit status
CMakeFiles/cmTC_382e9.dir/build.make:97: fallo en las instrucciones para el objetivo 'cmTC_382e9'
make[1]: *** [cmTC_382e9] Error 1
make[1]: se sale del directorio '/home/ezequiel/VTK/build/CMakeFiles/CMakeTmp'
Makefile:126: fallo en las instrucciones para el objetivo 'cmTC_382e9/fast'
make: *** [cmTC_382e9/fast] Error 2


Determining if the system is big endian passed with the following output:
Change Dir: /home/ezequiel/VTK/build/CMakeFiles/CMakeTmp

Run Build Command:"/usr/bin/make" "cmTC_068d6/fast"
/usr/bin/make -f CMakeFiles/cmTC_068d6.dir/build.make CMakeFiles/cmTC_068d6.dir/build
make[1]: se entra en el directorio '/home/ezequiel/VTK/build/CMakeFiles/CMakeTmp'
Building C object CMakeFiles/cmTC_068d6.dir/TestEndianess.c.o
/usr/bin/cc    -w -w    -o CMakeFiles/cmTC_068d6.dir/TestEndianess.c.o   -c /home/ezequiel/VTK/build/CMakeFiles/CMakeTmp/TestEndianess.c
Linking C executable cmTC_068d6
/usr/bin/cmake -E cmake_link_script CMakeFiles/cmTC_068d6.dir/link.txt --verbose=1
/usr/bin/cc    -w -w     CMakeFiles/cmTC_068d6.dir/TestEndianess.c.o  -o cmTC_068d6 -rdynamic 
make[1]: se sale del directorio '/home/ezequiel/VTK/build/CMakeFiles/CMakeTmp'

TestEndianess.c:
/* A 16 bit integer is required. */
typedef unsigned short cmakeint16;

/* On a little endian machine, these 16bit ints will give "THIS IS LITTLE ENDIAN."
   On a big endian machine the characters will be exchanged pairwise. */
const cmakeint16 info_little[] =  {0x4854, 0x5349, 0x4920, 0x2053, 0x494c, 0x5454, 0x454c, 0x4520, 0x444e, 0x4149, 0x2e4e, 0x0000};

/* on a big endian machine, these 16bit ints will give "THIS IS BIG ENDIAN."
   On a little endian machine the characters will be exchanged pairwise. */
const cmakeint16 info_big[] =     {0x5448, 0x4953, 0x2049, 0x5320, 0x4249, 0x4720, 0x454e, 0x4449, 0x414e, 0x2e2e, 0x0000};

#ifdef __CLASSIC_C__
int main(argc, argv) int argc; char *argv[];
#else
int main(int argc, char *argv[])
#endif
{
  int require = 0;
  require += info_little[argc];
  require += info_big[argc];
  (void)argv;
  return require;
}


Determining if the function clock_gettime exists in the posix4 failed with the following output:
Change Dir: /home/ezequiel/VTK/build/CMakeFiles/CMakeTmp

Run Build Command:"/usr/bin/make" "cmTC_8d1ae/fast"
/usr/bin/make -f CMakeFiles/cmTC_8d1ae.dir/build.make CMakeFiles/cmTC_8d1ae.dir/build
make[1]: se entra en el directorio '/home/ezequiel/VTK/build/CMakeFiles/CMakeTmp'
Building C object CMakeFiles/cmTC_8d1ae.dir/CheckFunctionExists.c.o
/usr/bin/cc    -w -w -DCHECK_FUNCTION_EXISTS=clock_gettime   -o CMakeFiles/cmTC_8d1ae.dir/CheckFunctionExists.c.o   -c /usr/share/cmake-3.5/Modules/CheckFunctionExists.c
Linking C executable cmTC_8d1ae
/usr/bin/cmake -E cmake_link_script CMakeFiles/cmTC_8d1ae.dir/link.txt --verbose=1
/usr/bin/cc    -w -w -DCHECK_FUNCTION_EXISTS=clock_gettime    CMakeFiles/cmTC_8d1ae.dir/CheckFunctionExists.c.o  -o cmTC_8d1ae -rdynamic -lposix4 -lm -ldl 
/usr/bin/ld: no se puede encontrar -lposix4
collect2: error: ld returned 1 exit status
CMakeFiles/cmTC_8d1ae.dir/build.make:97: fallo en las instrucciones para el objetivo 'cmTC_8d1ae'
make[1]: *** [cmTC_8d1ae] Error 1
make[1]: se sale del directorio '/home/ezequiel/VTK/build/CMakeFiles/CMakeTmp'
Makefile:126: fallo en las instrucciones para el objetivo 'cmTC_8d1ae/fast'
make: *** [cmTC_8d1ae/fast] Error 2


Determining if files sys/resource.h;sys/time.h;unistd.h;sys/ioctl.h;sys/stat.h;sys/socket.h;sys/types.h;stddef.h;setjmp.h;features.h;dirent.h;stdint.h;mach/mach_time.h exist failed with the following output:
Change Dir: /home/ezequiel/VTK/build/CMakeFiles/CMakeTmp

Run Build Command:"/usr/bin/make" "cmTC_c17b5/fast"
/usr/bin/make -f CMakeFiles/cmTC_c17b5.dir/build.make CMakeFiles/cmTC_c17b5.dir/build
make[1]: se entra en el directorio '/home/ezequiel/VTK/build/CMakeFiles/CMakeTmp'
Building C object CMakeFiles/cmTC_c17b5.dir/CheckIncludeFiles.c.o
/usr/bin/cc    -w -w    -o CMakeFiles/cmTC_c17b5.dir/CheckIncludeFiles.c.o   -c /home/ezequiel/VTK/build/CMakeFiles/CMakeTmp/CheckIncludeFiles.c
/home/ezequiel/VTK/build/CMakeFiles/CMakeTmp/CheckIncludeFiles.c:14:28: fatal error: mach/mach_time.h: No existe el archivo o el directorio
compilation terminated.
CMakeFiles/cmTC_c17b5.dir/build.make:65: fallo en las instrucciones para el objetivo 'CMakeFiles/cmTC_c17b5.dir/CheckIncludeFiles.c.o'
make[1]: *** [CMakeFiles/cmTC_c17b5.dir/CheckIncludeFiles.c.o] Error 1
make[1]: se sale del directorio '/home/ezequiel/VTK/build/CMakeFiles/CMakeTmp'
Makefile:126: fallo en las instrucciones para el objetivo 'cmTC_c17b5/fast'
make: *** [cmTC_c17b5/fast] Error 2

Source:
/* */
#include <sys/resource.h>
#include <sys/time.h>
#include <unistd.h>
#include <sys/ioctl.h>
#include <sys/stat.h>
#include <sys/socket.h>
#include <sys/types.h>
#include <stddef.h>
#include <setjmp.h>
#include <features.h>
#include <dirent.h>
#include <stdint.h>
#include <mach/mach_time.h>


int main(void){return 0;}

Determining if files sys/resource.h;sys/time.h;unistd.h;sys/ioctl.h;sys/stat.h;sys/socket.h;sys/types.h;stddef.h;setjmp.h;features.h;dirent.h;stdint.h;io.h exist failed with the following output:
Change Dir: /home/ezequiel/VTK/build/CMakeFiles/CMakeTmp

Run Build Command:"/usr/bin/make" "cmTC_fa79c/fast"
/usr/bin/make -f CMakeFiles/cmTC_fa79c.dir/build.make CMakeFiles/cmTC_fa79c.dir/build
make[1]: se entra en el directorio '/home/ezequiel/VTK/build/CMakeFiles/CMakeTmp'
Building C object CMakeFiles/cmTC_fa79c.dir/CheckIncludeFiles.c.o
/usr/bin/cc    -w -w    -o CMakeFiles/cmTC_fa79c.dir/CheckIncludeFiles.c.o   -c /home/ezequiel/VTK/build/CMakeFiles/CMakeTmp/CheckIncludeFiles.c
/home/ezequiel/VTK/build/CMakeFiles/CMakeTmp/CheckIncludeFiles.c:14:16: fatal error: io.h: No existe el archivo o el directorio
compilation terminated.
CMakeFiles/cmTC_fa79c.dir/build.make:65: fallo en las instrucciones para el objetivo 'CMakeFiles/cmTC_fa79c.dir/CheckIncludeFiles.c.o'
make[1]: *** [CMakeFiles/cmTC_fa79c.dir/CheckIncludeFiles.c.o] Error 1
make[1]: se sale del directorio '/home/ezequiel/VTK/build/CMakeFiles/CMakeTmp'
Makefile:126: fallo en las instrucciones para el objetivo 'cmTC_fa79c/fast'
make: *** [cmTC_fa79c/fast] Error 2

Source:
/* */
#include <sys/resource.h>
#include <sys/time.h>
#include <unistd.h>
#include <sys/ioctl.h>
#include <sys/stat.h>
#include <sys/socket.h>
#include <sys/types.h>
#include <stddef.h>
#include <setjmp.h>
#include <features.h>
#include <dirent.h>
#include <stdint.h>
#include <io.h>


int main(void){return 0;}

Determining if files sys/resource.h;sys/time.h;unistd.h;sys/ioctl.h;sys/stat.h;sys/socket.h;sys/types.h;stddef.h;setjmp.h;features.h;dirent.h;stdint.h;winsock2.h exist failed with the following output:
Change Dir: /home/ezequiel/VTK/build/CMakeFiles/CMakeTmp

Run Build Command:"/usr/bin/make" "cmTC_1eb36/fast"
/usr/bin/make -f CMakeFiles/cmTC_1eb36.dir/build.make CMakeFiles/cmTC_1eb36.dir/build
make[1]: se entra en el directorio '/home/ezequiel/VTK/build/CMakeFiles/CMakeTmp'
Building C object CMakeFiles/cmTC_1eb36.dir/CheckIncludeFiles.c.o
/usr/bin/cc    -w -w    -o CMakeFiles/cmTC_1eb36.dir/CheckIncludeFiles.c.o   -c /home/ezequiel/VTK/build/CMakeFiles/CMakeTmp/CheckIncludeFiles.c
/home/ezequiel/VTK/build/CMakeFiles/CMakeTmp/CheckIncludeFiles.c:14:22: fatal error: winsock2.h: No existe el archivo o el directorio
compilation terminated.
CMakeFiles/cmTC_1eb36.dir/build.make:65: fallo en las instrucciones para el objetivo 'CMakeFiles/cmTC_1eb36.dir/CheckIncludeFiles.c.o'
make[1]: *** [CMakeFiles/cmTC_1eb36.dir/CheckIncludeFiles.c.o] Error 1
make[1]: se sale del directorio '/home/ezequiel/VTK/build/CMakeFiles/CMakeTmp'
Makefile:126: fallo en las instrucciones para el objetivo 'cmTC_1eb36/fast'
make: *** [cmTC_1eb36/fast] Error 2

Source:
/* */
#include <sys/resource.h>
#include <sys/time.h>
#include <unistd.h>
#include <sys/ioctl.h>
#include <sys/stat.h>
#include <sys/socket.h>
#include <sys/types.h>
#include <stddef.h>
#include <setjmp.h>
#include <features.h>
#include <dirent.h>
#include <stdint.h>
#include <winsock2.h>


int main(void){return 0;}

Determining if files sys/resource.h;sys/time.h;unistd.h;sys/ioctl.h;sys/stat.h;sys/socket.h;sys/types.h;stddef.h;setjmp.h;features.h;dirent.h;stdint.h;sys/timeb.h;globus/common.h exist failed with the following output:
Change Dir: /home/ezequiel/VTK/build/CMakeFiles/CMakeTmp

Run Build Command:"/usr/bin/make" "cmTC_9e8a1/fast"
/usr/bin/make -f CMakeFiles/cmTC_9e8a1.dir/build.make CMakeFiles/cmTC_9e8a1.dir/build
make[1]: se entra en el directorio '/home/ezequiel/VTK/build/CMakeFiles/CMakeTmp'
Building C object CMakeFiles/cmTC_9e8a1.dir/CheckIncludeFiles.c.o
/usr/bin/cc    -w -w    -o CMakeFiles/cmTC_9e8a1.dir/CheckIncludeFiles.c.o   -c /home/ezequiel/VTK/build/CMakeFiles/CMakeTmp/CheckIncludeFiles.c
/home/ezequiel/VTK/build/CMakeFiles/CMakeTmp/CheckIncludeFiles.c:15:27: fatal error: globus/common.h: No existe el archivo o el directorio
compilation terminated.
CMakeFiles/cmTC_9e8a1.dir/build.make:65: fallo en las instrucciones para el objetivo 'CMakeFiles/cmTC_9e8a1.dir/CheckIncludeFiles.c.o'
make[1]: *** [CMakeFiles/cmTC_9e8a1.dir/CheckIncludeFiles.c.o] Error 1
make[1]: se sale del directorio '/home/ezequiel/VTK/build/CMakeFiles/CMakeTmp'
Makefile:126: fallo en las instrucciones para el objetivo 'cmTC_9e8a1/fast'
make: *** [cmTC_9e8a1/fast] Error 2

Source:
/* */
#include <sys/resource.h>
#include <sys/time.h>
#include <unistd.h>
#include <sys/ioctl.h>
#include <sys/stat.h>
#include <sys/socket.h>
#include <sys/types.h>
#include <stddef.h>
#include <setjmp.h>
#include <features.h>
#include <dirent.h>
#include <stdint.h>
#include <sys/timeb.h>
#include <globus/common.h>


int main(void){return 0;}

Determining if files sys/resource.h;sys/time.h;unistd.h;sys/ioctl.h;sys/stat.h;sys/socket.h;sys/types.h;stddef.h;setjmp.h;features.h;dirent.h;stdint.h;sys/timeb.h;pdb.h exist failed with the following output:
Change Dir: /home/ezequiel/VTK/build/CMakeFiles/CMakeTmp

Run Build Command:"/usr/bin/make" "cmTC_233db/fast"
/usr/bin/make -f CMakeFiles/cmTC_233db.dir/build.make CMakeFiles/cmTC_233db.dir/build
make[1]: se entra en el directorio '/home/ezequiel/VTK/build/CMakeFiles/CMakeTmp'
Building C object CMakeFiles/cmTC_233db.dir/CheckIncludeFiles.c.o
/usr/bin/cc    -w -w    -o CMakeFiles/cmTC_233db.dir/CheckIncludeFiles.c.o   -c /home/ezequiel/VTK/build/CMakeFiles/CMakeTmp/CheckIncludeFiles.c
/home/ezequiel/VTK/build/CMakeFiles/CMakeTmp/CheckIncludeFiles.c:15:17: fatal error: pdb.h: No existe el archivo o el directorio
compilation terminated.
CMakeFiles/cmTC_233db.dir/build.make:65: fallo en las instrucciones para el objetivo 'CMakeFiles/cmTC_233db.dir/CheckIncludeFiles.c.o'
make[1]: *** [CMakeFiles/cmTC_233db.dir/CheckIncludeFiles.c.o] Error 1
make[1]: se sale del directorio '/home/ezequiel/VTK/build/CMakeFiles/CMakeTmp'
Makefile:126: fallo en las instrucciones para el objetivo 'cmTC_233db/fast'
make: *** [cmTC_233db/fast] Error 2

Source:
/* */
#include <sys/resource.h>
#include <sys/time.h>
#include <unistd.h>
#include <sys/ioctl.h>
#include <sys/stat.h>
#include <sys/socket.h>
#include <sys/types.h>
#include <stddef.h>
#include <setjmp.h>
#include <features.h>
#include <dirent.h>
#include <stdint.h>
#include <sys/timeb.h>
#include <pdb.h>


int main(void){return 0;}

Determining if files sys/resource.h;sys/time.h;unistd.h;sys/ioctl.h;sys/stat.h;sys/socket.h;sys/types.h;stddef.h;setjmp.h;features.h;dirent.h;stdint.h;sys/timeb.h;pthread.h;srbclient.h exist failed with the following output:
Change Dir: /home/ezequiel/VTK/build/CMakeFiles/CMakeTmp

Run Build Command:"/usr/bin/make" "cmTC_caced/fast"
/usr/bin/make -f CMakeFiles/cmTC_caced.dir/build.make CMakeFiles/cmTC_caced.dir/build
make[1]: se entra en el directorio '/home/ezequiel/VTK/build/CMakeFiles/CMakeTmp'
Building C object CMakeFiles/cmTC_caced.dir/CheckIncludeFiles.c.o
/usr/bin/cc    -w -w    -o CMakeFiles/cmTC_caced.dir/CheckIncludeFiles.c.o   -c /home/ezequiel/VTK/build/CMakeFiles/CMakeTmp/CheckIncludeFiles.c
/home/ezequiel/VTK/build/CMakeFiles/CMakeTmp/CheckIncludeFiles.c:16:23: fatal error: srbclient.h: No existe el archivo o el directorio
compilation terminated.
CMakeFiles/cmTC_caced.dir/build.make:65: fallo en las instrucciones para el objetivo 'CMakeFiles/cmTC_caced.dir/CheckIncludeFiles.c.o'
make[1]: *** [CMakeFiles/cmTC_caced.dir/CheckIncludeFiles.c.o] Error 1
make[1]: se sale del directorio '/home/ezequiel/VTK/build/CMakeFiles/CMakeTmp'
Makefile:126: fallo en las instrucciones para el objetivo 'cmTC_caced/fast'
make: *** [cmTC_caced/fast] Error 2

Source:
/* */
#include <sys/resource.h>
#include <sys/time.h>
#include <unistd.h>
#include <sys/ioctl.h>
#include <sys/stat.h>
#include <sys/socket.h>
#include <sys/types.h>
#include <stddef.h>
#include <setjmp.h>
#include <features.h>
#include <dirent.h>
#include <stdint.h>
#include <sys/timeb.h>
#include <pthread.h>
#include <srbclient.h>


int main(void){return 0;}

Determining size of __int64 failed with the following output:
Change Dir: /home/ezequiel/VTK/build/CMakeFiles/CMakeTmp

Run Build Command:"/usr/bin/make" "cmTC_87dcd/fast"
/usr/bin/make -f CMakeFiles/cmTC_87dcd.dir/build.make CMakeFiles/cmTC_87dcd.dir/build
make[1]: se entra en el directorio '/home/ezequiel/VTK/build/CMakeFiles/CMakeTmp'
Building C object CMakeFiles/cmTC_87dcd.dir/H5_SIZEOF___INT64.c.o
/usr/bin/cc  -D_BSD_SOURCE -D_DEFAULT_SOURCE -D_FILE_OFFSET_BITS=64 -D_LARGEFILE64_SOURCE -D_LARGEFILE_SOURCE  -w -w    -o CMakeFiles/cmTC_87dcd.dir/H5_SIZEOF___INT64.c.o   -c /home/ezequiel/VTK/build/CMakeFiles/CheckTypeSize/H5_SIZEOF___INT64.c
/home/ezequiel/VTK/build/CMakeFiles/CheckTypeSize/H5_SIZEOF___INT64.c:17:22: error: ‘__int64’ undeclared here (not in a function)
 #define SIZE (sizeof(__int64))
                      ^
/home/ezequiel/VTK/build/CMakeFiles/CheckTypeSize/H5_SIZEOF___INT64.c:19:12: note: in expansion of macro ‘SIZE’
   ('0' + ((SIZE / 10000)%10)),
            ^
CMakeFiles/cmTC_87dcd.dir/build.make:65: fallo en las instrucciones para el objetivo 'CMakeFiles/cmTC_87dcd.dir/H5_SIZEOF___INT64.c.o'
make[1]: *** [CMakeFiles/cmTC_87dcd.dir/H5_SIZEOF___INT64.c.o] Error 1
make[1]: se sale del directorio '/home/ezequiel/VTK/build/CMakeFiles/CMakeTmp'
Makefile:126: fallo en las instrucciones para el objetivo 'cmTC_87dcd/fast'
make: *** [cmTC_87dcd/fast] Error 2

/home/ezequiel/VTK/build/CMakeFiles/CheckTypeSize/H5_SIZEOF___INT64.c:
#include <sys/types.h>
#include <stdint.h>
#include <stddef.h>


#undef KEY
#if defined(__i386)
# define KEY '_','_','i','3','8','6'
#elif defined(__x86_64)
# define KEY '_','_','x','8','6','_','6','4'
#elif defined(__ppc__)
# define KEY '_','_','p','p','c','_','_'
#elif defined(__ppc64__)
# define KEY '_','_','p','p','c','6','4','_','_'
#endif

#define SIZE (sizeof(__int64))
char info_size[] =  {'I', 'N', 'F', 'O', ':', 's','i','z','e','[',
  ('0' + ((SIZE / 10000)%10)),
  ('0' + ((SIZE / 1000)%10)),
  ('0' + ((SIZE / 100)%10)),
  ('0' + ((SIZE / 10)%10)),
  ('0' +  (SIZE    % 10)),
  ']',
#ifdef KEY
  ' ','k','e','y','[', KEY, ']',
#endif
  '\0'};

#ifdef __CLASSIC_C__
int main(argc, argv) int argc; char *argv[];
#else
int main(int argc, char *argv[])
#endif
{
  int require = 0;
  require += info_size[argc];
  (void)argv;
  return require;
}


Determining if the variable CLOCK_MONOTONIC exists failed with the following output:
Change Dir: /home/ezequiel/VTK/build/CMakeFiles/CMakeTmp

Run Build Command:"/usr/bin/make" "cmTC_4aed6/fast"
/usr/bin/make -f CMakeFiles/cmTC_4aed6.dir/build.make CMakeFiles/cmTC_4aed6.dir/build
make[1]: se entra en el directorio '/home/ezequiel/VTK/build/CMakeFiles/CMakeTmp'
Building C object CMakeFiles/cmTC_4aed6.dir/CheckVariableExists.c.o
/usr/bin/cc  -D_BSD_SOURCE -D_DEFAULT_SOURCE -D_FILE_OFFSET_BITS=64 -D_LARGEFILE64_SOURCE -D_LARGEFILE_SOURCE  -w -w -DCHECK_VARIABLE_EXISTS=CLOCK_MONOTONIC   -o CMakeFiles/cmTC_4aed6.dir/CheckVariableExists.c.o   -c /usr/share/cmake-3.5/Modules/CheckVariableExists.c
Linking C executable cmTC_4aed6
/usr/bin/cmake -E cmake_link_script CMakeFiles/cmTC_4aed6.dir/link.txt --verbose=1
/usr/bin/cc    -w -w -DCHECK_VARIABLE_EXISTS=CLOCK_MONOTONIC    CMakeFiles/cmTC_4aed6.dir/CheckVariableExists.c.o  -o cmTC_4aed6 -rdynamic -lm -ldl 
CMakeFiles/cmTC_4aed6.dir/CheckVariableExists.c.o: En la función `main':
CheckVariableExists.c:(.text+0x1a): referencia a `CLOCK_MONOTONIC' sin definir
collect2: error: ld returned 1 exit status
CMakeFiles/cmTC_4aed6.dir/build.make:97: fallo en las instrucciones para el objetivo 'cmTC_4aed6'
make[1]: *** [cmTC_4aed6] Error 1
make[1]: se sale del directorio '/home/ezequiel/VTK/build/CMakeFiles/CMakeTmp'
Makefile:126: fallo en las instrucciones para el objetivo 'cmTC_4aed6/fast'
make: *** [cmTC_4aed6/fast] Error 2


Performing Other Test HAVE___TM_GMTOFF failed with the following output:
Change Dir: /home/ezequiel/VTK/build/CMakeFiles/CMakeTmp

Run Build Command:"/usr/bin/make" "cmTC_c5162/fast"
/usr/bin/make -f CMakeFiles/cmTC_c5162.dir/build.make CMakeFiles/cmTC_c5162.dir/build
make[1]: se entra en el directorio '/home/ezequiel/VTK/build/CMakeFiles/CMakeTmp'
Building C object CMakeFiles/cmTC_c5162.dir/HDF5Tests.c.o
/usr/bin/cc    -w -w -DHAVE___TM_GMTOFF  -DHAVE_SYS_TIME_H -DHAVE_UNISTD_H -DHAVE_SYS_TYPES_H -DHAVE_SYS_SOCKET_H -D_FILE_OFFSET_BITS=64 -D_LARGEFILE64_SOURCE -D_LARGEFILE_SOURCE   -o CMakeFiles/cmTC_c5162.dir/HDF5Tests.c.o   -c /home/ezequiel/VTK/ThirdParty/hdf5/vtkhdf5/config/cmake/HDF5Tests.c
/home/ezequiel/VTK/ThirdParty/hdf5/vtkhdf5/config/cmake/HDF5Tests.c: In function ‘main’:
/home/ezequiel/VTK/ThirdParty/hdf5/vtkhdf5/config/cmake/HDF5Tests.c:191:29: error: ‘struct tm’ has no member named ‘__tm_gmtoff’
 SIMPLE_TEST(struct tm tm; tm.__tm_gmtoff=0);
                             ^
/home/ezequiel/VTK/ThirdParty/hdf5/vtkhdf5/config/cmake/HDF5Tests.c:1:36: note: in definition of macro ‘SIMPLE_TEST’
 #define SIMPLE_TEST(x) int main(){ x; return 0; }
                                    ^
CMakeFiles/cmTC_c5162.dir/build.make:65: fallo en las instrucciones para el objetivo 'CMakeFiles/cmTC_c5162.dir/HDF5Tests.c.o'
make[1]: *** [CMakeFiles/cmTC_c5162.dir/HDF5Tests.c.o] Error 1
make[1]: se sale del directorio '/home/ezequiel/VTK/build/CMakeFiles/CMakeTmp'
Makefile:126: fallo en las instrucciones para el objetivo 'cmTC_c5162/fast'
make: *** [cmTC_c5162/fast] Error 2

Performing Other Test HAVE_STRUCT_VIDEOCONFIG failed with the following output:
Change Dir: /home/ezequiel/VTK/build/CMakeFiles/CMakeTmp

Run Build Command:"/usr/bin/make" "cmTC_53b2e/fast"
/usr/bin/make -f CMakeFiles/cmTC_53b2e.dir/build.make CMakeFiles/cmTC_53b2e.dir/build
make[1]: se entra en el directorio '/home/ezequiel/VTK/build/CMakeFiles/CMakeTmp'
Building C object CMakeFiles/cmTC_53b2e.dir/HDF5Tests.c.o
/usr/bin/cc    -w -w -DHAVE_STRUCT_VIDEOCONFIG  -DHAVE_SYS_TIME_H -DHAVE_UNISTD_H -DHAVE_SYS_TYPES_H -DHAVE_SYS_SOCKET_H -D_FILE_OFFSET_BITS=64 -D_LARGEFILE64_SOURCE -D_LARGEFILE_SOURCE   -o CMakeFiles/cmTC_53b2e.dir/HDF5Tests.c.o   -c /home/ezequiel/VTK/ThirdParty/hdf5/vtkhdf5/config/cmake/HDF5Tests.c
/home/ezequiel/VTK/ThirdParty/hdf5/vtkhdf5/config/cmake/HDF5Tests.c: In function ‘main’:
/home/ezequiel/VTK/ThirdParty/hdf5/vtkhdf5/config/cmake/HDF5Tests.c:474:32: error: storage size of ‘w’ isn’t known
 SIMPLE_TEST(struct videoconfig w; w.numtextcols=0);
                                ^
/home/ezequiel/VTK/ThirdParty/hdf5/vtkhdf5/config/cmake/HDF5Tests.c:1:36: note: in definition of macro ‘SIMPLE_TEST’
 #define SIMPLE_TEST(x) int main(){ x; return 0; }
                                    ^
CMakeFiles/cmTC_53b2e.dir/build.make:65: fallo en las instrucciones para el objetivo 'CMakeFiles/cmTC_53b2e.dir/HDF5Tests.c.o'
make[1]: *** [CMakeFiles/cmTC_53b2e.dir/HDF5Tests.c.o] Error 1
make[1]: se sale del directorio '/home/ezequiel/VTK/build/CMakeFiles/CMakeTmp'
Makefile:126: fallo en las instrucciones para el objetivo 'cmTC_53b2e/fast'
make: *** [cmTC_53b2e/fast] Error 2

Performing Other Test HAVE_STRUCT_TEXT_INFO failed with the following output:
Change Dir: /home/ezequiel/VTK/build/CMakeFiles/CMakeTmp

Run Build Command:"/usr/bin/make" "cmTC_34859/fast"
/usr/bin/make -f CMakeFiles/cmTC_34859.dir/build.make CMakeFiles/cmTC_34859.dir/build
make[1]: se entra en el directorio '/home/ezequiel/VTK/build/CMakeFiles/CMakeTmp'
Building C object CMakeFiles/cmTC_34859.dir/HDF5Tests.c.o
/usr/bin/cc    -w -w -DHAVE_STRUCT_TEXT_INFO  -DHAVE_SYS_TIME_H -DHAVE_UNISTD_H -DHAVE_SYS_TYPES_H -DHAVE_SYS_SOCKET_H -D_FILE_OFFSET_BITS=64 -D_LARGEFILE64_SOURCE -D_LARGEFILE_SOURCE   -o CMakeFiles/cmTC_34859.dir/HDF5Tests.c.o   -c /home/ezequiel/VTK/ThirdParty/hdf5/vtkhdf5/config/cmake/HDF5Tests.c
/home/ezequiel/VTK/ThirdParty/hdf5/vtkhdf5/config/cmake/HDF5Tests.c: In function ‘main’:
/home/ezequiel/VTK/ThirdParty/hdf5/vtkhdf5/config/cmake/HDF5Tests.c:480:30: error: storage size of ‘w’ isn’t known
 SIMPLE_TEST(struct text_info w; w.screenwidth=0);
                              ^
/home/ezequiel/VTK/ThirdParty/hdf5/vtkhdf5/config/cmake/HDF5Tests.c:1:36: note: in definition of macro ‘SIMPLE_TEST’
 #define SIMPLE_TEST(x) int main(){ x; return 0; }
                                    ^
CMakeFiles/cmTC_34859.dir/build.make:65: fallo en las instrucciones para el objetivo 'CMakeFiles/cmTC_34859.dir/HDF5Tests.c.o'
make[1]: *** [CMakeFiles/cmTC_34859.dir/HDF5Tests.c.o] Error 1
make[1]: se sale del directorio '/home/ezequiel/VTK/build/CMakeFiles/CMakeTmp'
Makefile:126: fallo en las instrucciones para el objetivo 'cmTC_34859/fast'
make: *** [cmTC_34859/fast] Error 2

Determining if the function _getvideoconfig exists failed with the following output:
Change Dir: /home/ezequiel/VTK/build/CMakeFiles/CMakeTmp

Run Build Command:"/usr/bin/make" "cmTC_dcec7/fast"
/usr/bin/make -f CMakeFiles/cmTC_dcec7.dir/build.make CMakeFiles/cmTC_dcec7.dir/build
make[1]: se entra en el directorio '/home/ezequiel/VTK/build/CMakeFiles/CMakeTmp'
Building C object CMakeFiles/cmTC_dcec7.dir/CheckFunctionExists.c.o
/usr/bin/cc  -D_BSD_SOURCE -D_DEFAULT_SOURCE -D_FILE_OFFSET_BITS=64 -D_LARGEFILE64_SOURCE -D_LARGEFILE_SOURCE  -w -w -DCHECK_FUNCTION_EXISTS=_getvideoconfig   -o CMakeFiles/cmTC_dcec7.dir/CheckFunctionExists.c.o   -c /usr/share/cmake-3.5/Modules/CheckFunctionExists.c
Linking C executable cmTC_dcec7
/usr/bin/cmake -E cmake_link_script CMakeFiles/cmTC_dcec7.dir/link.txt --verbose=1
/usr/bin/cc    -w -w -DCHECK_FUNCTION_EXISTS=_getvideoconfig    CMakeFiles/cmTC_dcec7.dir/CheckFunctionExists.c.o  -o cmTC_dcec7 -rdynamic -lm -ldl 
CMakeFiles/cmTC_dcec7.dir/CheckFunctionExists.c.o: En la función `main':
CheckFunctionExists.c:(.text+0x12): referencia a `_getvideoconfig' sin definir
collect2: error: ld returned 1 exit status
CMakeFiles/cmTC_dcec7.dir/build.make:97: fallo en las instrucciones para el objetivo 'cmTC_dcec7'
make[1]: *** [cmTC_dcec7] Error 1
make[1]: se sale del directorio '/home/ezequiel/VTK/build/CMakeFiles/CMakeTmp'
Makefile:126: fallo en las instrucciones para el objetivo 'cmTC_dcec7/fast'
make: *** [cmTC_dcec7/fast] Error 2


Determining if the function gettextinfo exists failed with the following output:
Change Dir: /home/ezequiel/VTK/build/CMakeFiles/CMakeTmp

Run Build Command:"/usr/bin/make" "cmTC_d2c09/fast"
/usr/bin/make -f CMakeFiles/cmTC_d2c09.dir/build.make CMakeFiles/cmTC_d2c09.dir/build
make[1]: se entra en el directorio '/home/ezequiel/VTK/build/CMakeFiles/CMakeTmp'
Building C object CMakeFiles/cmTC_d2c09.dir/CheckFunctionExists.c.o
/usr/bin/cc  -D_BSD_SOURCE -D_DEFAULT_SOURCE -D_FILE_OFFSET_BITS=64 -D_LARGEFILE64_SOURCE -D_LARGEFILE_SOURCE  -w -w -DCHECK_FUNCTION_EXISTS=gettextinfo   -o CMakeFiles/cmTC_d2c09.dir/CheckFunctionExists.c.o   -c /usr/share/cmake-3.5/Modules/CheckFunctionExists.c
Linking C executable cmTC_d2c09
/usr/bin/cmake -E cmake_link_script CMakeFiles/cmTC_d2c09.dir/link.txt --verbose=1
/usr/bin/cc    -w -w -DCHECK_FUNCTION_EXISTS=gettextinfo    CMakeFiles/cmTC_d2c09.dir/CheckFunctionExists.c.o  -o cmTC_d2c09 -rdynamic -lm -ldl 
CMakeFiles/cmTC_d2c09.dir/CheckFunctionExists.c.o: En la función `main':
CheckFunctionExists.c:(.text+0x12): referencia a `gettextinfo' sin definir
collect2: error: ld returned 1 exit status
CMakeFiles/cmTC_d2c09.dir/build.make:97: fallo en las instrucciones para el objetivo 'cmTC_d2c09'
make[1]: *** [cmTC_d2c09] Error 1
make[1]: se sale del directorio '/home/ezequiel/VTK/build/CMakeFiles/CMakeTmp'
Makefile:126: fallo en las instrucciones para el objetivo 'cmTC_d2c09/fast'
make: *** [cmTC_d2c09/fast] Error 2


Determining if the function _scrsize exists failed with the following output:
Change Dir: /home/ezequiel/VTK/build/CMakeFiles/CMakeTmp

Run Build Command:"/usr/bin/make" "cmTC_c354c/fast"
/usr/bin/make -f CMakeFiles/cmTC_c354c.dir/build.make CMakeFiles/cmTC_c354c.dir/build
make[1]: se entra en el directorio '/home/ezequiel/VTK/build/CMakeFiles/CMakeTmp'
Building C object CMakeFiles/cmTC_c354c.dir/CheckFunctionExists.c.o
/usr/bin/cc  -D_BSD_SOURCE -D_DEFAULT_SOURCE -D_FILE_OFFSET_BITS=64 -D_LARGEFILE64_SOURCE -D_LARGEFILE_SOURCE  -w -w -DCHECK_FUNCTION_EXISTS=_scrsize   -o CMakeFiles/cmTC_c354c.dir/CheckFunctionExists.c.o   -c /usr/share/cmake-3.5/Modules/CheckFunctionExists.c
Linking C executable cmTC_c354c
/usr/bin/cmake -E cmake_link_script CMakeFiles/cmTC_c354c.dir/link.txt --verbose=1
/usr/bin/cc    -w -w -DCHECK_FUNCTION_EXISTS=_scrsize    CMakeFiles/cmTC_c354c.dir/CheckFunctionExists.c.o  -o cmTC_c354c -rdynamic -lm -ldl 
CMakeFiles/cmTC_c354c.dir/CheckFunctionExists.c.o: En la función `main':
CheckFunctionExists.c:(.text+0x12): referencia a `_scrsize' sin definir
collect2: error: ld returned 1 exit status
CMakeFiles/cmTC_c354c.dir/build.make:97: fallo en las instrucciones para el objetivo 'cmTC_c354c'
make[1]: *** [cmTC_c354c] Error 1
make[1]: se sale del directorio '/home/ezequiel/VTK/build/CMakeFiles/CMakeTmp'
Makefile:126: fallo en las instrucciones para el objetivo 'cmTC_c354c/fast'
make: *** [cmTC_c354c/fast] Error 2


Determining if the function GetConsoleScreenBufferInfo exists failed with the following output:
Change Dir: /home/ezequiel/VTK/build/CMakeFiles/CMakeTmp

Run Build Command:"/usr/bin/make" "cmTC_b05ff/fast"
/usr/bin/make -f CMakeFiles/cmTC_b05ff.dir/build.make CMakeFiles/cmTC_b05ff.dir/build
make[1]: se entra en el directorio '/home/ezequiel/VTK/build/CMakeFiles/CMakeTmp'
Building C object CMakeFiles/cmTC_b05ff.dir/CheckFunctionExists.c.o
/usr/bin/cc  -D_BSD_SOURCE -D_DEFAULT_SOURCE -D_FILE_OFFSET_BITS=64 -D_LARGEFILE64_SOURCE -D_LARGEFILE_SOURCE  -w -w -DCHECK_FUNCTION_EXISTS=GetConsoleScreenBufferInfo   -o CMakeFiles/cmTC_b05ff.dir/CheckFunctionExists.c.o   -c /usr/share/cmake-3.5/Modules/CheckFunctionExists.c
Linking C executable cmTC_b05ff
/usr/bin/cmake -E cmake_link_script CMakeFiles/cmTC_b05ff.dir/link.txt --verbose=1
/usr/bin/cc    -w -w -DCHECK_FUNCTION_EXISTS=GetConsoleScreenBufferInfo    CMakeFiles/cmTC_b05ff.dir/CheckFunctionExists.c.o  -o cmTC_b05ff -rdynamic -lm -ldl 
CMakeFiles/cmTC_b05ff.dir/CheckFunctionExists.c.o: En la función `main':
CheckFunctionExists.c:(.text+0x12): referencia a `GetConsoleScreenBufferInfo' sin definir
collect2: error: ld returned 1 exit status
CMakeFiles/cmTC_b05ff.dir/build.make:97: fallo en las instrucciones para el objetivo 'cmTC_b05ff'
make[1]: *** [cmTC_b05ff] Error 1
make[1]: se sale del directorio '/home/ezequiel/VTK/build/CMakeFiles/CMakeTmp'
Makefile:126: fallo en las instrucciones para el objetivo 'cmTC_b05ff/fast'
make: *** [cmTC_b05ff/fast] Error 2


Determining if the function setsysinfo exists failed with the following output:
Change Dir: /home/ezequiel/VTK/build/CMakeFiles/CMakeTmp

Run Build Command:"/usr/bin/make" "cmTC_60792/fast"
/usr/bin/make -f CMakeFiles/cmTC_60792.dir/build.make CMakeFiles/cmTC_60792.dir/build
make[1]: se entra en el directorio '/home/ezequiel/VTK/build/CMakeFiles/CMakeTmp'
Building C object CMakeFiles/cmTC_60792.dir/CheckFunctionExists.c.o
/usr/bin/cc  -D_BSD_SOURCE -D_DEFAULT_SOURCE -D_FILE_OFFSET_BITS=64 -D_LARGEFILE64_SOURCE -D_LARGEFILE_SOURCE  -w -w -DCHECK_FUNCTION_EXISTS=setsysinfo   -o CMakeFiles/cmTC_60792.dir/CheckFunctionExists.c.o   -c /usr/share/cmake-3.5/Modules/CheckFunctionExists.c
Linking C executable cmTC_60792
/usr/bin/cmake -E cmake_link_script CMakeFiles/cmTC_60792.dir/link.txt --verbose=1
/usr/bin/cc    -w -w -DCHECK_FUNCTION_EXISTS=setsysinfo    CMakeFiles/cmTC_60792.dir/CheckFunctionExists.c.o  -o cmTC_60792 -rdynamic -lm -ldl 
CMakeFiles/cmTC_60792.dir/CheckFunctionExists.c.o: En la función `main':
CheckFunctionExists.c:(.text+0x12): referencia a `setsysinfo' sin definir
collect2: error: ld returned 1 exit status
CMakeFiles/cmTC_60792.dir/build.make:97: fallo en las instrucciones para el objetivo 'cmTC_60792'
make[1]: *** [cmTC_60792] Error 1
make[1]: se sale del directorio '/home/ezequiel/VTK/build/CMakeFiles/CMakeTmp'
Makefile:126: fallo en las instrucciones para el objetivo 'cmTC_60792/fast'
make: *** [cmTC_60792/fast] Error 2


Determining if the function sigsetjmp exists failed with the following output:
Change Dir: /home/ezequiel/VTK/build/CMakeFiles/CMakeTmp

Run Build Command:"/usr/bin/make" "cmTC_f8246/fast"
/usr/bin/make -f CMakeFiles/cmTC_f8246.dir/build.make CMakeFiles/cmTC_f8246.dir/build
make[1]: se entra en el directorio '/home/ezequiel/VTK/build/CMakeFiles/CMakeTmp'
Building C object CMakeFiles/cmTC_f8246.dir/CheckFunctionExists.c.o
/usr/bin/cc  -D_BSD_SOURCE -D_DEFAULT_SOURCE -D_FILE_OFFSET_BITS=64 -D_LARGEFILE64_SOURCE -D_LARGEFILE_SOURCE  -w -w -DCHECK_FUNCTION_EXISTS=sigsetjmp   -o CMakeFiles/cmTC_f8246.dir/CheckFunctionExists.c.o   -c /usr/share/cmake-3.5/Modules/CheckFunctionExists.c
Linking C executable cmTC_f8246
/usr/bin/cmake -E cmake_link_script CMakeFiles/cmTC_f8246.dir/link.txt --verbose=1
/usr/bin/cc    -w -w -DCHECK_FUNCTION_EXISTS=sigsetjmp    CMakeFiles/cmTC_f8246.dir/CheckFunctionExists.c.o  -o cmTC_f8246 -rdynamic -lm -ldl 
CMakeFiles/cmTC_f8246.dir/CheckFunctionExists.c.o: En la función `main':
CheckFunctionExists.c:(.text+0x15): referencia a `sigsetjmp' sin definir
collect2: error: ld returned 1 exit status
CMakeFiles/cmTC_f8246.dir/build.make:97: fallo en las instrucciones para el objetivo 'cmTC_f8246'
make[1]: *** [cmTC_f8246] Error 1
make[1]: se sale del directorio '/home/ezequiel/VTK/build/CMakeFiles/CMakeTmp'
Makefile:126: fallo en las instrucciones para el objetivo 'cmTC_f8246/fast'
make: *** [cmTC_f8246/fast] Error 2


Performing CXX Test OLD_HEADER_FILENAME failed with the following output:
Change Dir: /home/ezequiel/VTK/build/CMakeFiles/CMakeTmp

Run Build Command:"/usr/bin/make" "cmTC_579d1/fast"
/usr/bin/make -f CMakeFiles/cmTC_579d1.dir/build.make CMakeFiles/cmTC_579d1.dir/build
make[1]: se entra en el directorio '/home/ezequiel/VTK/build/CMakeFiles/CMakeTmp'
Building CXX object CMakeFiles/cmTC_579d1.dir/HDF5CXXTests.cpp.o
/usr/bin/c++     -w -w -DOLD_HEADER_FILENAME  -DHAVE_SYS_TIME_H -DHAVE_UNISTD_H -DHAVE_SYS_TYPES_H -DHAVE_SYS_SOCKET_H -D_FILE_OFFSET_BITS=64 -D_LARGEFILE64_SOURCE -D_LARGEFILE_SOURCE   -o CMakeFiles/cmTC_579d1.dir/HDF5CXXTests.cpp.o -c /home/ezequiel/VTK/ThirdParty/hdf5/vtkhdf5/config/cmake/HDF5CXXTests.cpp
Linking CXX executable cmTC_579d1
/usr/bin/cmake -E cmake_link_script CMakeFiles/cmTC_579d1.dir/link.txt --verbose=1
/usr/bin/c++     -w -w -DOLD_HEADER_FILENAME  -DHAVE_SYS_TIME_H -DHAVE_UNISTD_H -DHAVE_SYS_TYPES_H -DHAVE_SYS_SOCKET_H -D_FILE_OFFSET_BITS=64 -D_LARGEFILE64_SOURCE -D_LARGEFILE_SOURCE    CMakeFiles/cmTC_579d1.dir/HDF5CXXTests.cpp.o  -o cmTC_579d1 -rdynamic -lm -ldl 
make[1]: se sale del directorio '/home/ezequiel/VTK/build/CMakeFiles/CMakeTmp'

Performing CXX Test H5_NO_NAMESPACE failed with the following output:
Change Dir: /home/ezequiel/VTK/build/CMakeFiles/CMakeTmp

Run Build Command:"/usr/bin/make" "cmTC_5d6a4/fast"
/usr/bin/make -f CMakeFiles/cmTC_5d6a4.dir/build.make CMakeFiles/cmTC_5d6a4.dir/build
make[1]: se entra en el directorio '/home/ezequiel/VTK/build/CMakeFiles/CMakeTmp'
Building CXX object CMakeFiles/cmTC_5d6a4.dir/HDF5CXXTests.cpp.o
/usr/bin/c++     -w -w -DH5_NO_NAMESPACE  -DHAVE_SYS_TIME_H -DHAVE_UNISTD_H -DHAVE_SYS_TYPES_H -DHAVE_SYS_SOCKET_H -D_FILE_OFFSET_BITS=64 -D_LARGEFILE64_SOURCE -D_LARGEFILE_SOURCE   -o CMakeFiles/cmTC_5d6a4.dir/HDF5CXXTests.cpp.o -c /home/ezequiel/VTK/ThirdParty/hdf5/vtkhdf5/config/cmake/HDF5CXXTests.cpp
Linking CXX executable cmTC_5d6a4
/usr/bin/cmake -E cmake_link_script CMakeFiles/cmTC_5d6a4.dir/link.txt --verbose=1
/usr/bin/c++     -w -w -DH5_NO_NAMESPACE  -DHAVE_SYS_TIME_H -DHAVE_UNISTD_H -DHAVE_SYS_TYPES_H -DHAVE_SYS_SOCKET_H -D_FILE_OFFSET_BITS=64 -D_LARGEFILE64_SOURCE -D_LARGEFILE_SOURCE    CMakeFiles/cmTC_5d6a4.dir/HDF5CXXTests.cpp.o  -o cmTC_5d6a4 -rdynamic -lm -ldl 
make[1]: se sale del directorio '/home/ezequiel/VTK/build/CMakeFiles/CMakeTmp'

Performing CXX Test H5_NO_STD failed with the following output:
Change Dir: /home/ezequiel/VTK/build/CMakeFiles/CMakeTmp

Run Build Command:"/usr/bin/make" "cmTC_3c0a6/fast"
/usr/bin/make -f CMakeFiles/cmTC_3c0a6.dir/build.make CMakeFiles/cmTC_3c0a6.dir/build
make[1]: se entra en el directorio '/home/ezequiel/VTK/build/CMakeFiles/CMakeTmp'
Building CXX object CMakeFiles/cmTC_3c0a6.dir/HDF5CXXTests.cpp.o
/usr/bin/c++     -w -w -DH5_NO_STD  -DHAVE_SYS_TIME_H -DHAVE_UNISTD_H -DHAVE_SYS_TYPES_H -DHAVE_SYS_SOCKET_H -D_FILE_OFFSET_BITS=64 -D_LARGEFILE64_SOURCE -D_LARGEFILE_SOURCE   -o CMakeFiles/cmTC_3c0a6.dir/HDF5CXXTests.cpp.o -c /home/ezequiel/VTK/ThirdParty/hdf5/vtkhdf5/config/cmake/HDF5CXXTests.cpp
Linking CXX executable cmTC_3c0a6
/usr/bin/cmake -E cmake_link_script CMakeFiles/cmTC_3c0a6.dir/link.txt --verbose=1
/usr/bin/c++     -w -w -DH5_NO_STD  -DHAVE_SYS_TIME_H -DHAVE_UNISTD_H -DHAVE_SYS_TYPES_H -DHAVE_SYS_SOCKET_H -D_FILE_OFFSET_BITS=64 -D_LARGEFILE64_SOURCE -D_LARGEFILE_SOURCE    CMakeFiles/cmTC_3c0a6.dir/HDF5CXXTests.cpp.o  -o cmTC_3c0a6 -rdynamic -lm -ldl 
make[1]: se sale del directorio '/home/ezequiel/VTK/build/CMakeFiles/CMakeTmp'

Performing CXX Test BOOL_NOTDEFINED failed with the following output:
Change Dir: /home/ezequiel/VTK/build/CMakeFiles/CMakeTmp

Run Build Command:"/usr/bin/make" "cmTC_da37a/fast"
/usr/bin/make -f CMakeFiles/cmTC_da37a.dir/build.make CMakeFiles/cmTC_da37a.dir/build
make[1]: se entra en el directorio '/home/ezequiel/VTK/build/CMakeFiles/CMakeTmp'
Building CXX object CMakeFiles/cmTC_da37a.dir/HDF5CXXTests.cpp.o
/usr/bin/c++     -w -w -DBOOL_NOTDEFINED  -DHAVE_SYS_TIME_H -DHAVE_UNISTD_H -DHAVE_SYS_TYPES_H -DHAVE_SYS_SOCKET_H -D_FILE_OFFSET_BITS=64 -D_LARGEFILE64_SOURCE -D_LARGEFILE_SOURCE   -o CMakeFiles/cmTC_da37a.dir/HDF5CXXTests.cpp.o -c /home/ezequiel/VTK/ThirdParty/hdf5/vtkhdf5/config/cmake/HDF5CXXTests.cpp
Linking CXX executable cmTC_da37a
/usr/bin/cmake -E cmake_link_script CMakeFiles/cmTC_da37a.dir/link.txt --verbose=1
/usr/bin/c++     -w -w -DBOOL_NOTDEFINED  -DHAVE_SYS_TIME_H -DHAVE_UNISTD_H -DHAVE_SYS_TYPES_H -DHAVE_SYS_SOCKET_H -D_FILE_OFFSET_BITS=64 -D_LARGEFILE64_SOURCE -D_LARGEFILE_SOURCE    CMakeFiles/cmTC_da37a.dir/HDF5CXXTests.cpp.o  -o cmTC_da37a -rdynamic -lm -ldl 
make[1]: se sale del directorio '/home/ezequiel/VTK/build/CMakeFiles/CMakeTmp'

Performing CXX Test NO_STATIC_CAST failed with the following output:
Change Dir: /home/ezequiel/VTK/build/CMakeFiles/CMakeTmp

Run Build Command:"/usr/bin/make" "cmTC_c1892/fast"
/usr/bin/make -f CMakeFiles/cmTC_c1892.dir/build.make CMakeFiles/cmTC_c1892.dir/build
make[1]: se entra en el directorio '/home/ezequiel/VTK/build/CMakeFiles/CMakeTmp'
Building CXX object CMakeFiles/cmTC_c1892.dir/HDF5CXXTests.cpp.o
/usr/bin/c++     -w -w -DNO_STATIC_CAST  -DHAVE_SYS_TIME_H -DHAVE_UNISTD_H -DHAVE_SYS_TYPES_H -DHAVE_SYS_SOCKET_H -D_FILE_OFFSET_BITS=64 -D_LARGEFILE64_SOURCE -D_LARGEFILE_SOURCE   -o CMakeFiles/cmTC_c1892.dir/HDF5CXXTests.cpp.o -c /home/ezequiel/VTK/ThirdParty/hdf5/vtkhdf5/config/cmake/HDF5CXXTests.cpp
Linking CXX executable cmTC_c1892
/usr/bin/cmake -E cmake_link_script CMakeFiles/cmTC_c1892.dir/link.txt --verbose=1
/usr/bin/c++     -w -w -DNO_STATIC_CAST  -DHAVE_SYS_TIME_H -DHAVE_UNISTD_H -DHAVE_SYS_TYPES_H -DHAVE_SYS_SOCKET_H -D_FILE_OFFSET_BITS=64 -D_LARGEFILE64_SOURCE -D_LARGEFILE_SOURCE    CMakeFiles/cmTC_c1892.dir/HDF5CXXTests.cpp.o  -o cmTC_c1892 -rdynamic -lm -ldl 
make[1]: se sale del directorio '/home/ezequiel/VTK/build/CMakeFiles/CMakeTmp'

Test H5_FP_TO_ULLONG_RIGHT_MAXIMUM Run failed with the following output and exit code:
 Change Dir: /home/ezequiel/VTK/build/ThirdParty/hdf5/vtkhdf5/CMake/CMakeFiles/CMakeTmp

Run Build Command:"/usr/bin/make" "cmTC_2763c/fast"
/usr/bin/make -f CMakeFiles/cmTC_2763c.dir/build.make CMakeFiles/cmTC_2763c.dir/build
make[1]: se entra en el directorio '/home/ezequiel/VTK/build/ThirdParty/hdf5/vtkhdf5/CMake/CMakeFiles/CMakeTmp'
Building C object CMakeFiles/cmTC_2763c.dir/ConversionTests.c.o
/usr/bin/cc    -w -w -DH5_FP_TO_ULLONG_RIGHT_MAXIMUM_TEST   -o CMakeFiles/cmTC_2763c.dir/ConversionTests.c.o   -c /home/ezequiel/VTK/ThirdParty/hdf5/vtkhdf5/config/cmake/ConversionTests.c
Linking C executable cmTC_2763c
/usr/bin/cmake -E cmake_link_script CMakeFiles/cmTC_2763c.dir/link.txt --verbose=1
/usr/bin/cc    -w -w -DH5_FP_TO_ULLONG_RIGHT_MAXIMUM_TEST    CMakeFiles/cmTC_2763c.dir/ConversionTests.c.o  -o cmTC_2763c -rdynamic 
make[1]: se sale del directorio '/home/ezequiel/VTK/build/ThirdParty/hdf5/vtkhdf5/CMake/CMakeFiles/CMakeTmp'

Determining size of uchar failed with the following output:
Change Dir: /home/ezequiel/VTK/build/CMakeFiles/CMakeTmp

Run Build Command:"/usr/bin/make" "cmTC_dfc57/fast"
/usr/bin/make -f CMakeFiles/cmTC_dfc57.dir/build.make CMakeFiles/cmTC_dfc57.dir/build
make[1]: se entra en el directorio '/home/ezequiel/VTK/build/CMakeFiles/CMakeTmp'
Building C object CMakeFiles/cmTC_dfc57.dir/SIZEOF_UCHAR.c.o
/usr/bin/cc    -w -w    -o CMakeFiles/cmTC_dfc57.dir/SIZEOF_UCHAR.c.o   -c /home/ezequiel/VTK/build/CMakeFiles/CheckTypeSize/SIZEOF_UCHAR.c
/home/ezequiel/VTK/build/CMakeFiles/CheckTypeSize/SIZEOF_UCHAR.c:17:22: error: ‘uchar’ undeclared here (not in a function)
 #define SIZE (sizeof(uchar))
                      ^
/home/ezequiel/VTK/build/CMakeFiles/CheckTypeSize/SIZEOF_UCHAR.c:19:12: note: in expansion of macro ‘SIZE’
   ('0' + ((SIZE / 10000)%10)),
            ^
CMakeFiles/cmTC_dfc57.dir/build.make:65: fallo en las instrucciones para el objetivo 'CMakeFiles/cmTC_dfc57.dir/SIZEOF_UCHAR.c.o'
make[1]: *** [CMakeFiles/cmTC_dfc57.dir/SIZEOF_UCHAR.c.o] Error 1
make[1]: se sale del directorio '/home/ezequiel/VTK/build/CMakeFiles/CMakeTmp'
Makefile:126: fallo en las instrucciones para el objetivo 'cmTC_dfc57/fast'
make: *** [cmTC_dfc57/fast] Error 2

/home/ezequiel/VTK/build/CMakeFiles/CheckTypeSize/SIZEOF_UCHAR.c:
#include <sys/types.h>
#include <stdint.h>
#include <stddef.h>


#undef KEY
#if defined(__i386)
# define KEY '_','_','i','3','8','6'
#elif defined(__x86_64)
# define KEY '_','_','x','8','6','_','6','4'
#elif defined(__ppc__)
# define KEY '_','_','p','p','c','_','_'
#elif defined(__ppc64__)
# define KEY '_','_','p','p','c','6','4','_','_'
#endif

#define SIZE (sizeof(uchar))
char info_size[] =  {'I', 'N', 'F', 'O', ':', 's','i','z','e','[',
  ('0' + ((SIZE / 10000)%10)),
  ('0' + ((SIZE / 1000)%10)),
  ('0' + ((SIZE / 100)%10)),
  ('0' + ((SIZE / 10)%10)),
  ('0' +  (SIZE    % 10)),
  ']',
#ifdef KEY
  ' ','k','e','y','[', KEY, ']',
#endif
  '\0'};

#ifdef __CLASSIC_C__
int main(argc, argv) int argc; char *argv[];
#else
int main(int argc, char *argv[])
#endif
{
  int require = 0;
  require += info_size[argc];
  (void)argv;
  return require;
}


Determining if files jni.h exist failed with the following output:
Change Dir: /home/ezequiel/VTK/build/CMakeFiles/CMakeTmp

Run Build Command:"/usr/bin/make" "cmTC_945a3/fast"
/usr/bin/make -f CMakeFiles/cmTC_945a3.dir/build.make CMakeFiles/cmTC_945a3.dir/build
make[1]: se entra en el directorio '/home/ezequiel/VTK/build/CMakeFiles/CMakeTmp'
Building C object CMakeFiles/cmTC_945a3.dir/CheckIncludeFiles.c.o
/usr/bin/cc    -w -w    -o CMakeFiles/cmTC_945a3.dir/CheckIncludeFiles.c.o   -c /home/ezequiel/VTK/build/CMakeFiles/CMakeTmp/CheckIncludeFiles.c
/home/ezequiel/VTK/build/CMakeFiles/CMakeTmp/CheckIncludeFiles.c:2:17: fatal error: jni.h: No existe el archivo o el directorio
compilation terminated.
CMakeFiles/cmTC_945a3.dir/build.make:65: fallo en las instrucciones para el objetivo 'CMakeFiles/cmTC_945a3.dir/CheckIncludeFiles.c.o'
make[1]: *** [CMakeFiles/cmTC_945a3.dir/CheckIncludeFiles.c.o] Error 1
make[1]: se sale del directorio '/home/ezequiel/VTK/build/CMakeFiles/CMakeTmp'
Makefile:126: fallo en las instrucciones para el objetivo 'cmTC_945a3/fast'
make: *** [cmTC_945a3/fast] Error 2

Source:
/* */
#include <jni.h>


int main(void){return 0;}

Determining if the PTHREAD_MUTEX_RECURSIVE exist failed with the following output:
Change Dir: /home/ezequiel/VTK/build/CMakeFiles/CMakeTmp

Run Build Command:"/usr/bin/make" "cmTC_6bac6/fast"
/usr/bin/make -f CMakeFiles/cmTC_6bac6.dir/build.make CMakeFiles/cmTC_6bac6.dir/build
make[1]: se entra en el directorio '/home/ezequiel/VTK/build/CMakeFiles/CMakeTmp'
Building C object CMakeFiles/cmTC_6bac6.dir/CheckSymbolExists.c.o
/usr/bin/cc    -w -w    -o CMakeFiles/cmTC_6bac6.dir/CheckSymbolExists.c.o   -c /home/ezequiel/VTK/build/CMakeFiles/CMakeTmp/CheckSymbolExists.c
/home/ezequiel/VTK/build/CMakeFiles/CMakeTmp/CheckSymbolExists.c: In function ‘main’:
/home/ezequiel/VTK/build/CMakeFiles/CMakeTmp/CheckSymbolExists.c:8:18: error: lvalue required as unary ‘&’ operand
   return ((int*)(&PTHREAD_MUTEX_RECURSIVE))[argc];
                  ^
CMakeFiles/cmTC_6bac6.dir/build.make:65: fallo en las instrucciones para el objetivo 'CMakeFiles/cmTC_6bac6.dir/CheckSymbolExists.c.o'
make[1]: *** [CMakeFiles/cmTC_6bac6.dir/CheckSymbolExists.c.o] Error 1
make[1]: se sale del directorio '/home/ezequiel/VTK/build/CMakeFiles/CMakeTmp'
Makefile:126: fallo en las instrucciones para el objetivo 'cmTC_6bac6/fast'
make: *** [cmTC_6bac6/fast] Error 2

File /home/ezequiel/VTK/build/CMakeFiles/CMakeTmp/CheckSymbolExists.c:
/* */
#include <pthread.h>

int main(int argc, char** argv)
{
  (void)argv;
#ifndef PTHREAD_MUTEX_RECURSIVE
  return ((int*)(&PTHREAD_MUTEX_RECURSIVE))[argc];
#else
  (void)argc;
  return 0;
#endif
}

